<?xml version="1.0" encoding="UTF-8"?>
<testsuite name="com.dorandoran.doranserver.service.CommentServiceImplTest" tests="1" skipped="0" failures="1" errors="0" timestamp="2023-02-13T14:15:13" hostname="jangjungwoo-MacBookPro.local" time="0.19">
  <properties/>
  <testcase name="saveData()" classname="com.dorandoran.doranserver.service.CommentServiceImplTest" time="0.19">
    <failure message="java.util.NoSuchElementException: No value present" type="java.util.NoSuchElementException">java.util.NoSuchElementException: No value present
	at java.base/java.util.Optional.get(Optional.java:148)
	at com.dorandoran.doranserver.service.CommentServiceImplTest.saveData(CommentServiceImplTest.java:184)
	at java.base/jdk.internal.reflect.NativeMethodAccessorImpl.invoke0(Native Method)
	at java.base/jdk.internal.reflect.NativeMethodAccessorImpl.invoke(NativeMethodAccessorImpl.java:62)
	at java.base/jdk.internal.reflect.DelegatingMethodAccessorImpl.invoke(DelegatingMethodAccessorImpl.java:43)
	at java.base/java.lang.reflect.Method.invoke(Method.java:566)
	at org.junit.platform.commons.util.ReflectionUtils.invokeMethod(ReflectionUtils.java:725)
	at org.junit.jupiter.engine.execution.MethodInvocation.proceed(MethodInvocation.java:60)
	at org.junit.jupiter.engine.execution.InvocationInterceptorChain$ValidatingInvocation.proceed(InvocationInterceptorChain.java:131)
	at org.junit.jupiter.engine.extension.TimeoutExtension.intercept(TimeoutExtension.java:149)
	at org.junit.jupiter.engine.extension.TimeoutExtension.interceptTestableMethod(TimeoutExtension.java:140)
	at org.junit.jupiter.engine.extension.TimeoutExtension.interceptTestMethod(TimeoutExtension.java:84)
	at org.junit.jupiter.engine.execution.ExecutableInvoker$ReflectiveInterceptorCall.lambda$ofVoidMethod$0(ExecutableInvoker.java:115)
	at org.junit.jupiter.engine.execution.ExecutableInvoker.lambda$invoke$0(ExecutableInvoker.java:105)
	at org.junit.jupiter.engine.execution.InvocationInterceptorChain$InterceptedInvocation.proceed(InvocationInterceptorChain.java:106)
	at org.junit.jupiter.engine.execution.InvocationInterceptorChain.proceed(InvocationInterceptorChain.java:64)
	at org.junit.jupiter.engine.execution.InvocationInterceptorChain.chainAndInvoke(InvocationInterceptorChain.java:45)
	at org.junit.jupiter.engine.execution.InvocationInterceptorChain.invoke(InvocationInterceptorChain.java:37)
	at org.junit.jupiter.engine.execution.ExecutableInvoker.invoke(ExecutableInvoker.java:104)
	at org.junit.jupiter.engine.execution.ExecutableInvoker.invoke(ExecutableInvoker.java:98)
	at org.junit.jupiter.engine.descriptor.TestMethodTestDescriptor.lambda$invokeTestMethod$7(TestMethodTestDescriptor.java:214)
	at org.junit.platform.engine.support.hierarchical.ThrowableCollector.execute(ThrowableCollector.java:73)
	at org.junit.jupiter.engine.descriptor.TestMethodTestDescriptor.invokeTestMethod(TestMethodTestDescriptor.java:210)
	at org.junit.jupiter.engine.descriptor.TestMethodTestDescriptor.execute(TestMethodTestDescriptor.java:135)
	at org.junit.jupiter.engine.descriptor.TestMethodTestDescriptor.execute(TestMethodTestDescriptor.java:66)
	at org.junit.platform.engine.support.hierarchical.NodeTestTask.lambda$executeRecursively$6(NodeTestTask.java:151)
	at org.junit.platform.engine.support.hierarchical.ThrowableCollector.execute(ThrowableCollector.java:73)
	at org.junit.platform.engine.support.hierarchical.NodeTestTask.lambda$executeRecursively$8(NodeTestTask.java:141)
	at org.junit.platform.engine.support.hierarchical.Node.around(Node.java:137)
	at org.junit.platform.engine.support.hierarchical.NodeTestTask.lambda$executeRecursively$9(NodeTestTask.java:139)
	at org.junit.platform.engine.support.hierarchical.ThrowableCollector.execute(ThrowableCollector.java:73)
	at org.junit.platform.engine.support.hierarchical.NodeTestTask.executeRecursively(NodeTestTask.java:138)
	at org.junit.platform.engine.support.hierarchical.NodeTestTask.execute(NodeTestTask.java:95)
	at java.base/java.util.ArrayList.forEach(ArrayList.java:1541)
	at org.junit.platform.engine.support.hierarchical.SameThreadHierarchicalTestExecutorService.invokeAll(SameThreadHierarchicalTestExecutorService.java:41)
	at org.junit.platform.engine.support.hierarchical.NodeTestTask.lambda$executeRecursively$6(NodeTestTask.java:155)
	at org.junit.platform.engine.support.hierarchical.ThrowableCollector.execute(ThrowableCollector.java:73)
	at org.junit.platform.engine.support.hierarchical.NodeTestTask.lambda$executeRecursively$8(NodeTestTask.java:141)
	at org.junit.platform.engine.support.hierarchical.Node.around(Node.java:137)
	at org.junit.platform.engine.support.hierarchical.NodeTestTask.lambda$executeRecursively$9(NodeTestTask.java:139)
	at org.junit.platform.engine.support.hierarchical.ThrowableCollector.execute(ThrowableCollector.java:73)
	at org.junit.platform.engine.support.hierarchical.NodeTestTask.executeRecursively(NodeTestTask.java:138)
	at org.junit.platform.engine.support.hierarchical.NodeTestTask.execute(NodeTestTask.java:95)
	at java.base/java.util.ArrayList.forEach(ArrayList.java:1541)
	at org.junit.platform.engine.support.hierarchical.SameThreadHierarchicalTestExecutorService.invokeAll(SameThreadHierarchicalTestExecutorService.java:41)
	at org.junit.platform.engine.support.hierarchical.NodeTestTask.lambda$executeRecursively$6(NodeTestTask.java:155)
	at org.junit.platform.engine.support.hierarchical.ThrowableCollector.execute(ThrowableCollector.java:73)
	at org.junit.platform.engine.support.hierarchical.NodeTestTask.lambda$executeRecursively$8(NodeTestTask.java:141)
	at org.junit.platform.engine.support.hierarchical.Node.around(Node.java:137)
	at org.junit.platform.engine.support.hierarchical.NodeTestTask.lambda$executeRecursively$9(NodeTestTask.java:139)
	at org.junit.platform.engine.support.hierarchical.ThrowableCollector.execute(ThrowableCollector.java:73)
	at org.junit.platform.engine.support.hierarchical.NodeTestTask.executeRecursively(NodeTestTask.java:138)
	at org.junit.platform.engine.support.hierarchical.NodeTestTask.execute(NodeTestTask.java:95)
	at org.junit.platform.engine.support.hierarchical.SameThreadHierarchicalTestExecutorService.submit(SameThreadHierarchicalTestExecutorService.java:35)
	at org.junit.platform.engine.support.hierarchical.HierarchicalTestExecutor.execute(HierarchicalTestExecutor.java:57)
	at org.junit.platform.engine.support.hierarchical.HierarchicalTestEngine.execute(HierarchicalTestEngine.java:54)
	at org.junit.platform.launcher.core.EngineExecutionOrchestrator.execute(EngineExecutionOrchestrator.java:107)
	at org.junit.platform.launcher.core.EngineExecutionOrchestrator.execute(EngineExecutionOrchestrator.java:88)
	at org.junit.platform.launcher.core.EngineExecutionOrchestrator.lambda$execute$0(EngineExecutionOrchestrator.java:54)
	at org.junit.platform.launcher.core.EngineExecutionOrchestrator.withInterceptedStreams(EngineExecutionOrchestrator.java:67)
	at org.junit.platform.launcher.core.EngineExecutionOrchestrator.execute(EngineExecutionOrchestrator.java:52)
	at org.junit.platform.launcher.core.DefaultLauncher.execute(DefaultLauncher.java:114)
	at org.junit.platform.launcher.core.DefaultLauncher.execute(DefaultLauncher.java:86)
	at org.junit.platform.launcher.core.DefaultLauncherSession$DelegatingLauncher.execute(DefaultLauncherSession.java:86)
	at org.junit.platform.launcher.core.SessionPerRequestLauncher.execute(SessionPerRequestLauncher.java:53)
	at org.gradle.api.internal.tasks.testing.junitplatform.JUnitPlatformTestClassProcessor$CollectAllTestClassesExecutor.processAllTestClasses(JUnitPlatformTestClassProcessor.java:99)
	at org.gradle.api.internal.tasks.testing.junitplatform.JUnitPlatformTestClassProcessor$CollectAllTestClassesExecutor.access$000(JUnitPlatformTestClassProcessor.java:79)
	at org.gradle.api.internal.tasks.testing.junitplatform.JUnitPlatformTestClassProcessor.stop(JUnitPlatformTestClassProcessor.java:75)
	at org.gradle.api.internal.tasks.testing.SuiteTestClassProcessor.stop(SuiteTestClassProcessor.java:62)
	at java.base/jdk.internal.reflect.NativeMethodAccessorImpl.invoke0(Native Method)
	at java.base/jdk.internal.reflect.NativeMethodAccessorImpl.invoke(NativeMethodAccessorImpl.java:62)
	at java.base/jdk.internal.reflect.DelegatingMethodAccessorImpl.invoke(DelegatingMethodAccessorImpl.java:43)
	at java.base/java.lang.reflect.Method.invoke(Method.java:566)
	at org.gradle.internal.dispatch.ReflectionDispatch.dispatch(ReflectionDispatch.java:36)
	at org.gradle.internal.dispatch.ReflectionDispatch.dispatch(ReflectionDispatch.java:24)
	at org.gradle.internal.dispatch.ContextClassLoaderDispatch.dispatch(ContextClassLoaderDispatch.java:33)
	at org.gradle.internal.dispatch.ProxyDispatchAdapter$DispatchingInvocationHandler.invoke(ProxyDispatchAdapter.java:94)
	at com.sun.proxy.$Proxy2.stop(Unknown Source)
	at org.gradle.api.internal.tasks.testing.worker.TestWorker$3.run(TestWorker.java:193)
	at org.gradle.api.internal.tasks.testing.worker.TestWorker.executeAndMaintainThreadName(TestWorker.java:129)
	at org.gradle.api.internal.tasks.testing.worker.TestWorker.execute(TestWorker.java:100)
	at org.gradle.api.internal.tasks.testing.worker.TestWorker.execute(TestWorker.java:60)
	at org.gradle.process.internal.worker.child.ActionExecutionWorker.execute(ActionExecutionWorker.java:56)
	at org.gradle.process.internal.worker.child.SystemApplicationClassLoaderWorker.call(SystemApplicationClassLoaderWorker.java:113)
	at org.gradle.process.internal.worker.child.SystemApplicationClassLoaderWorker.call(SystemApplicationClassLoaderWorker.java:65)
	at worker.org.gradle.process.internal.worker.GradleWorkerMain.run(GradleWorkerMain.java:69)
	at worker.org.gradle.process.internal.worker.GradleWorkerMain.main(GradleWorkerMain.java:74)
</failure>
  </testcase>
  <system-out><![CDATA[23:15:01.545 [Test worker] DEBUG org.springframework.test.context.BootstrapUtils - Instantiating CacheAwareContextLoaderDelegate from class [org.springframework.test.context.cache.DefaultCacheAwareContextLoaderDelegate]
23:15:01.559 [Test worker] DEBUG org.springframework.test.context.BootstrapUtils - Instantiating BootstrapContext using constructor [public org.springframework.test.context.support.DefaultBootstrapContext(java.lang.Class,org.springframework.test.context.CacheAwareContextLoaderDelegate)]
23:15:01.610 [Test worker] DEBUG org.springframework.test.context.BootstrapUtils - Instantiating TestContextBootstrapper for test class [com.dorandoran.doranserver.service.CommentServiceImplTest] from class [org.springframework.boot.test.context.SpringBootTestContextBootstrapper]
23:15:01.621 [Test worker] INFO org.springframework.boot.test.context.SpringBootTestContextBootstrapper - Neither @ContextConfiguration nor @ContextHierarchy found for test class [com.dorandoran.doranserver.service.CommentServiceImplTest], using SpringBootContextLoader
23:15:01.629 [Test worker] DEBUG org.springframework.test.context.support.AbstractContextLoader - Did not detect default resource location for test class [com.dorandoran.doranserver.service.CommentServiceImplTest]: class path resource [com/dorandoran/doranserver/service/CommentServiceImplTest-context.xml] does not exist
23:15:01.630 [Test worker] DEBUG org.springframework.test.context.support.AbstractContextLoader - Did not detect default resource location for test class [com.dorandoran.doranserver.service.CommentServiceImplTest]: class path resource [com/dorandoran/doranserver/service/CommentServiceImplTestContext.groovy] does not exist
23:15:01.630 [Test worker] INFO org.springframework.test.context.support.AbstractContextLoader - Could not detect default resource locations for test class [com.dorandoran.doranserver.service.CommentServiceImplTest]: no resource found for suffixes {-context.xml, Context.groovy}.
23:15:01.631 [Test worker] INFO org.springframework.test.context.support.AnnotationConfigContextLoaderUtils - Could not detect default configuration classes for test class [com.dorandoran.doranserver.service.CommentServiceImplTest]: CommentServiceImplTest does not declare any static, non-private, non-final, nested classes annotated with @Configuration.
23:15:01.693 [Test worker] DEBUG org.springframework.test.context.support.ActiveProfilesUtils - Could not find an 'annotation declaring class' for annotation type [org.springframework.test.context.ActiveProfiles] and class [com.dorandoran.doranserver.service.CommentServiceImplTest]
23:15:01.818 [Test worker] DEBUG org.springframework.context.annotation.ClassPathScanningCandidateComponentProvider - Identified candidate component class: file [/Users/jw1010110/DoranDoran/doranserver/build/classes/java/main/com/dorandoran/doranserver/DoranserverApplication.class]
23:15:01.822 [Test worker] INFO org.springframework.boot.test.context.SpringBootTestContextBootstrapper - Found @SpringBootConfiguration com.dorandoran.doranserver.DoranserverApplication for test class com.dorandoran.doranserver.service.CommentServiceImplTest
23:15:01.937 [Test worker] DEBUG org.springframework.boot.test.context.SpringBootTestContextBootstrapper - @TestExecutionListeners is not present for class [com.dorandoran.doranserver.service.CommentServiceImplTest]: using defaults.
23:15:01.938 [Test worker] INFO org.springframework.boot.test.context.SpringBootTestContextBootstrapper - Loaded default TestExecutionListener class names from location [META-INF/spring.factories]: [org.springframework.security.test.context.support.WithSecurityContextTestExecutionListener, org.springframework.security.test.context.support.ReactorContextTestExecutionListener, org.springframework.boot.test.autoconfigure.restdocs.RestDocsTestExecutionListener, org.springframework.boot.test.autoconfigure.web.client.MockRestServiceServerResetTestExecutionListener, org.springframework.boot.test.autoconfigure.web.servlet.MockMvcPrintOnlyOnFailureTestExecutionListener, org.springframework.boot.test.autoconfigure.web.servlet.WebDriverTestExecutionListener, org.springframework.boot.test.autoconfigure.webservices.client.MockWebServiceServerTestExecutionListener, org.springframework.boot.test.mock.mockito.MockitoTestExecutionListener, org.springframework.boot.test.mock.mockito.ResetMocksTestExecutionListener, org.springframework.test.context.web.ServletTestExecutionListener, org.springframework.test.context.support.DirtiesContextBeforeModesTestExecutionListener, org.springframework.test.context.event.ApplicationEventsTestExecutionListener, org.springframework.test.context.support.DependencyInjectionTestExecutionListener, org.springframework.test.context.support.DirtiesContextTestExecutionListener, org.springframework.test.context.transaction.TransactionalTestExecutionListener, org.springframework.test.context.jdbc.SqlScriptsTestExecutionListener, org.springframework.test.context.event.EventPublishingTestExecutionListener]
23:15:01.961 [Test worker] INFO org.springframework.boot.test.context.SpringBootTestContextBootstrapper - Using TestExecutionListeners: [org.springframework.test.context.web.ServletTestExecutionListener@438bad7c, org.springframework.test.context.support.DirtiesContextBeforeModesTestExecutionListener@25230246, org.springframework.test.context.event.ApplicationEventsTestExecutionListener@4fdf8f12, org.springframework.boot.test.mock.mockito.MockitoTestExecutionListener@4a8b5227, org.springframework.boot.test.autoconfigure.SpringBootDependencyInjectionTestExecutionListener@54f5f647, org.springframework.test.context.support.DirtiesContextTestExecutionListener@6979efad, org.springframework.test.context.transaction.TransactionalTestExecutionListener@5a6d5a8f, org.springframework.test.context.jdbc.SqlScriptsTestExecutionListener@4a67318f, org.springframework.security.test.context.support.WithSecurityContextTestExecutionListener@315ba14a, org.springframework.test.context.event.EventPublishingTestExecutionListener@17f9344b, org.springframework.security.test.context.support.ReactorContextTestExecutionListener@27f0ad19, org.springframework.boot.test.autoconfigure.restdocs.RestDocsTestExecutionListener@54e81b21, org.springframework.boot.test.autoconfigure.web.client.MockRestServiceServerResetTestExecutionListener@38d5b107, org.springframework.boot.test.autoconfigure.web.servlet.MockMvcPrintOnlyOnFailureTestExecutionListener@6650813a, org.springframework.boot.test.autoconfigure.web.servlet.WebDriverTestExecutionListener@44ea608c, org.springframework.boot.test.autoconfigure.webservices.client.MockWebServiceServerTestExecutionListener@50cf5a23, org.springframework.boot.test.mock.mockito.ResetMocksTestExecutionListener@450794b4]
23:15:02.039 [Test worker] DEBUG org.springframework.test.context.support.AbstractDirtiesContextTestExecutionListener - Before test class: context [DefaultTestContext@4e7095ac testClass = CommentServiceImplTest, testInstance = [null], testMethod = [null], testException = [null], mergedContextConfiguration = [WebMergedContextConfiguration@251ebf23 testClass = CommentServiceImplTest, locations = '{}', classes = '{class com.dorandoran.doranserver.DoranserverApplication}', contextInitializerClasses = '[]', activeProfiles = '{}', propertySourceLocations = '{}', propertySourceProperties = '{org.springframework.boot.test.context.SpringBootTestContextBootstrapper=true}', contextCustomizers = set[org.springframework.boot.test.autoconfigure.actuate.metrics.MetricsExportContextCustomizerFactory$DisableMetricExportContextCustomizer@1623134f, org.springframework.boot.test.autoconfigure.properties.PropertyMappingContextCustomizer@0, org.springframework.boot.test.autoconfigure.web.servlet.WebDriverContextCustomizerFactory$Customizer@339bf286, org.springframework.boot.test.context.filter.ExcludeFilterContextCustomizer@7bc10d84, org.springframework.boot.test.json.DuplicateJsonObjectContextCustomizerFactory$DuplicateJsonObjectContextCustomizer@7e38a7fe, org.springframework.boot.test.mock.mockito.MockitoContextCustomizer@0, org.springframework.boot.test.web.client.TestRestTemplateContextCustomizer@56f6d40b, org.springframework.boot.test.context.SpringBootTestArgs@1, org.springframework.boot.test.context.SpringBootTestWebEnvironment@79c97cb], resourceBasePath = 'src/main/webapp', contextLoader = 'org.springframework.boot.test.context.SpringBootContextLoader', parent = [null]], attributes = map['org.springframework.test.context.web.ServletTestExecutionListener.activateListener' -> true]], class annotated with @DirtiesContext [false] with mode [null].

  .   ____          _            __ _ _
 /\\ / ___'_ __ _ _(_)_ __  __ _ \ \ \ \
( ( )\___ | '_ | '_| | '_ \/ _` | \ \ \ \
 \\/  ___)| |_)| | | | | || (_| |  ) ) ) )
  '  |____| .__|_| |_|_| |_\__, | / / / /
 =========|_|==============|___/=/_/_/_/
 :: Spring Boot ::                (v2.7.7)

2023-02-13 23:15:02.722  WARN 34746 --- [    Test worker] ory$DuplicateJsonObjectContextCustomizer : 

Found multiple occurrences of org.json.JSONObject on the class path:

	jar:file:/Users/jw1010110/.gradle/caches/modules-2/files-2.1/org.json/json/20190722/7bce7bacf0ab5e9f894d307a3de8b7f540064d5/json-20190722.jar!/org/json/JSONObject.class
	jar:file:/Users/jw1010110/.gradle/caches/modules-2/files-2.1/com.vaadin.external.google/android-json/0.0.20131108.vaadin1/fa26d351fe62a6a17f5cda1287c1c6110dec413f/android-json-0.0.20131108.vaadin1.jar!/org/json/JSONObject.class

You may wish to exclude one of them to ensure predictable runtime behavior

2023-02-13 23:15:02.756  INFO 34746 --- [    Test worker] c.d.d.service.CommentServiceImplTest     : Starting CommentServiceImplTest using Java 11.0.15.1 on jangjungwoo-MacBookPro.local with PID 34746 (started by jw1010110 in /Users/jw1010110/DoranDoran/doranserver)
2023-02-13 23:15:02.759  INFO 34746 --- [    Test worker] c.d.d.service.CommentServiceImplTest     : No active profile set, falling back to 1 default profile: "default"
2023-02-13 23:15:04.429  INFO 34746 --- [    Test worker] .s.d.r.c.RepositoryConfigurationDelegate : Bootstrapping Spring Data JPA repositories in DEFAULT mode.
2023-02-13 23:15:04.599  INFO 34746 --- [    Test worker] .s.d.r.c.RepositoryConfigurationDelegate : Finished Spring Data repository scanning in 160 ms. Found 12 JPA repository interfaces.
2023-02-13 23:15:05.817  INFO 34746 --- [    Test worker] o.hibernate.jpa.internal.util.LogHelper  : HHH000204: Processing PersistenceUnitInfo [name: default]
2023-02-13 23:15:05.881  INFO 34746 --- [    Test worker] org.hibernate.Version                    : HHH000412: Hibernate ORM core version 5.6.14.Final
2023-02-13 23:15:06.148  INFO 34746 --- [    Test worker] o.hibernate.annotations.common.Version   : HCANN000001: Hibernate Commons Annotations {5.1.2.Final}
2023-02-13 23:15:06.274  INFO 34746 --- [    Test worker] com.zaxxer.hikari.HikariDataSource       : HikariPool-1 - Starting...
2023-02-13 23:15:06.549  INFO 34746 --- [    Test worker] com.zaxxer.hikari.HikariDataSource       : HikariPool-1 - Start completed.
2023-02-13 23:15:06.574  INFO 34746 --- [    Test worker] org.hibernate.dialect.Dialect            : HHH000400: Using dialect: org.hibernate.dialect.H2Dialect
Hibernate: 
    
    drop table if exists background_pic CASCADE 
Hibernate: 
    
    drop table if exists comment CASCADE 
Hibernate: 
    
    drop table if exists comment_like CASCADE 
Hibernate: 
    
    drop table if exists hash_tag CASCADE 
Hibernate: 
    
    drop table if exists member CASCADE 
Hibernate: 
    
    drop table if exists policy_terms CASCADE 
Hibernate: 
    
    drop table if exists popular_post CASCADE 
Hibernate: 
    
    drop table if exists post CASCADE 
Hibernate: 
    
    drop table if exists post_hash CASCADE 
Hibernate: 
    
    drop table if exists post_like CASCADE 
Hibernate: 
    
    drop table if exists reply CASCADE 
Hibernate: 
    
    drop table if exists user_upload_pic CASCADE 
Hibernate: 
    
    create table background_pic (
       background_pic_id bigint generated by default as identity,
        img_name varchar(255) not null,
        server_path varchar(255) not null,
        primary key (background_pic_id)
    )
Hibernate: 
    
    create table comment (
       comment_id bigint generated by default as identity,
        comment varchar(255) not null,
        comment_time timestamp not null,
        member_id bigint,
        post_id bigint,
        primary key (comment_id)
    )
Hibernate: 
    
    create table comment_like (
       comment_like_id bigint generated by default as identity,
        comment_id bigint,
        member_id bigint,
        primary key (comment_like_id)
    )
Hibernate: 
    
    create table hash_tag (
       hash_tag_id bigint generated by default as identity,
        hash_tag_count bigint not null,
        hash_tag_name varchar(255) not null,
        primary key (hash_tag_id)
    )
Hibernate: 
    
    create table member (
       member_id bigint generated by default as identity,
        date_of_birth date not null,
        email varchar(255) not null,
        firebase_token varchar(255) not null,
        nickname varchar(255) not null,
        sign_up_date timestamp not null,
        policy_terms_id bigint,
        primary key (member_id)
    )
Hibernate: 
    
    create table policy_terms (
       policy_terms_id bigint generated by default as identity,
        policy_1 boolean not null,
        policy_2 boolean not null,
        policy_3 boolean not null,
        primary key (policy_terms_id)
    )
Hibernate: 
    
    create table popular_post (
       popular_post_id bigint generated by default as identity,
        post_like_id bigint,
        primary key (popular_post_id)
    )
Hibernate: 
    
    create table post (
       post_id bigint generated by default as identity,
        img_name varchar(255) not null,
        content varchar(255) not null,
        for_me boolean not null,
        location varchar(255),
        post_time timestamp not null,
        switch_pic integer not null,
        member_id bigint,
        primary key (post_id)
    )
Hibernate: 
    
    create table post_hash (
       post_hash_id bigint generated by default as identity,
        hash_tag bigint,
        post_id bigint,
        primary key (post_hash_id)
    )
Hibernate: 
    
    create table post_like (
       post_like_id bigint generated by default as identity,
        member_id bigint,
        post_id bigint,
        primary key (post_like_id)
    )
Hibernate: 
    
    create table reply (
       reply_id bigint generated by default as identity,
        comment_like_time timestamp not null,
        reply varchar(255) not null,
        comment_id bigint,
        member_id bigint,
        primary key (reply_id)
    )
Hibernate: 
    
    create table user_upload_pic (
       user_upload_picture_id bigint generated by default as identity,
        img_name varchar(255) not null,
        server_path varchar(255) not null,
        primary key (user_upload_picture_id)
    )
Hibernate: 
    
    alter table comment 
       add constraint FKmrrrpi513ssu63i2783jyiv9m 
       foreign key (member_id) 
       references member
Hibernate: 
    
    alter table comment 
       add constraint FKs1slvnkuemjsq2kj4h3vhx7i1 
       foreign key (post_id) 
       references post
Hibernate: 
    
    alter table comment_like 
       add constraint FKqlv8phl1ibeh0efv4dbn3720p 
       foreign key (comment_id) 
       references comment
Hibernate: 
    
    alter table comment_like 
       add constraint FKjtrao5djvpcj49cxcmbenif3g 
       foreign key (member_id) 
       references member
Hibernate: 
    
    alter table member 
       add constraint FK3f97akp3sdfoyrtl2k84w6cy4 
       foreign key (policy_terms_id) 
       references policy_terms
Hibernate: 
    
    alter table popular_post 
       add constraint FKf3j182of2y7uq34lhw7w3e2w3 
       foreign key (post_like_id) 
       references post_like
Hibernate: 
    
    alter table post 
       add constraint FK83s99f4kx8oiqm3ro0sasmpww 
       foreign key (member_id) 
       references member
Hibernate: 
    
    alter table post_hash 
       add constraint FKffaxjnp023qele2fgggquh4oq 
       foreign key (hash_tag) 
       references hash_tag
Hibernate: 
    
    alter table post_hash 
       add constraint FKn6x0kufujfa5cljrli2cj4hgq 
       foreign key (post_id) 
       references post
Hibernate: 
    
    alter table post_like 
       add constraint FKqjxwr6kkv6pw2e4pwy4yktxyk 
       foreign key (member_id) 
       references member
Hibernate: 
    
    alter table post_like 
       add constraint FKj7iy0k7n3d0vkh8o7ibjna884 
       foreign key (post_id) 
       references post
Hibernate: 
    
    alter table reply 
       add constraint FK6w0ns67lrq1jdiwi5xvtj1vxx 
       foreign key (comment_id) 
       references comment
Hibernate: 
    
    alter table reply 
       add constraint FKen6vrmi5oth4bg6ybfc202fmu 
       foreign key (member_id) 
       references member
2023-02-13 23:15:08.067  INFO 34746 --- [    Test worker] o.h.e.t.j.p.i.JtaPlatformInitiator       : HHH000490: Using JtaPlatform implementation: [org.hibernate.engine.transaction.jta.platform.internal.NoJtaPlatform]
2023-02-13 23:15:08.079  INFO 34746 --- [    Test worker] j.LocalContainerEntityManagerFactoryBean : Initialized JPA EntityManagerFactory for persistence unit 'default'
Hibernate: 
    insert 
    into
        user_upload_pic
        (user_upload_picture_id, img_name, server_path) 
    values
        (default, ?, ?)
Hibernate: 
    insert 
    into
        policy_terms
        (policy_terms_id, policy_1, policy_2, policy_3) 
    values
        (default, ?, ?, ?)
Hibernate: 
    insert 
    into
        member
        (member_id, date_of_birth, email, firebase_token, nickname, policy_terms_id, sign_up_date) 
    values
        (default, ?, ?, ?, ?, ?, ?)
Hibernate: 
    insert 
    into
        member
        (member_id, date_of_birth, email, firebase_token, nickname, policy_terms_id, sign_up_date) 
    values
        (default, ?, ?, ?, ?, ?, ?)
Hibernate: 
    insert 
    into
        member
        (member_id, date_of_birth, email, firebase_token, nickname, policy_terms_id, sign_up_date) 
    values
        (default, ?, ?, ?, ?, ?, ?)
Hibernate: 
    select
        post0_.post_id as post_id1_7_0_,
        post0_.img_name as img_name2_7_0_,
        post0_.content as content3_7_0_,
        post0_.for_me as for_me4_7_0_,
        post0_.location as location5_7_0_,
        post0_.member_id as member_i8_7_0_,
        post0_.post_time as post_tim6_7_0_,
        post0_.switch_pic as switch_p7_7_0_ 
    from
        post post0_ 
    where
        post0_.post_id=?
Hibernate: 
    select
        member0_.member_id as member_i1_4_0_,
        member0_.date_of_birth as date_of_2_4_0_,
        member0_.email as email3_4_0_,
        member0_.firebase_token as firebase4_4_0_,
        member0_.nickname as nickname5_4_0_,
        member0_.policy_terms_id as policy_t7_4_0_,
        member0_.sign_up_date as sign_up_6_4_0_,
        policyterm1_.policy_terms_id as policy_t1_5_1_,
        policyterm1_.policy_1 as policy_2_5_1_,
        policyterm1_.policy_2 as policy_3_5_1_,
        policyterm1_.policy_3 as policy_4_5_1_ 
    from
        member member0_ 
    left outer join
        policy_terms policyterm1_ 
            on member0_.policy_terms_id=policyterm1_.policy_terms_id 
    where
        member0_.member_id=?
Hibernate: 
    insert 
    into
        post
        (post_id, img_name, content, for_me, location, member_id, post_time, switch_pic) 
    values
        (default, ?, ?, ?, ?, ?, ?, ?)
Hibernate: 
    select
        post0_.post_id as post_id1_7_0_,
        post0_.img_name as img_name2_7_0_,
        post0_.content as content3_7_0_,
        post0_.for_me as for_me4_7_0_,
        post0_.location as location5_7_0_,
        post0_.member_id as member_i8_7_0_,
        post0_.post_time as post_tim6_7_0_,
        post0_.switch_pic as switch_p7_7_0_ 
    from
        post post0_ 
    where
        post0_.post_id=?
Hibernate: 
    select
        member0_.member_id as member_i1_4_0_,
        member0_.date_of_birth as date_of_2_4_0_,
        member0_.email as email3_4_0_,
        member0_.firebase_token as firebase4_4_0_,
        member0_.nickname as nickname5_4_0_,
        member0_.policy_terms_id as policy_t7_4_0_,
        member0_.sign_up_date as sign_up_6_4_0_,
        policyterm1_.policy_terms_id as policy_t1_5_1_,
        policyterm1_.policy_1 as policy_2_5_1_,
        policyterm1_.policy_2 as policy_3_5_1_,
        policyterm1_.policy_3 as policy_4_5_1_ 
    from
        member member0_ 
    left outer join
        policy_terms policyterm1_ 
            on member0_.policy_terms_id=policyterm1_.policy_terms_id 
    where
        member0_.member_id=?
Hibernate: 
    insert 
    into
        post
        (post_id, img_name, content, for_me, location, member_id, post_time, switch_pic) 
    values
        (default, ?, ?, ?, ?, ?, ?, ?)
Hibernate: 
    select
        post0_.post_id as post_id1_7_0_,
        post0_.img_name as img_name2_7_0_,
        post0_.content as content3_7_0_,
        post0_.for_me as for_me4_7_0_,
        post0_.location as location5_7_0_,
        post0_.member_id as member_i8_7_0_,
        post0_.post_time as post_tim6_7_0_,
        post0_.switch_pic as switch_p7_7_0_ 
    from
        post post0_ 
    where
        post0_.post_id=?
Hibernate: 
    select
        member0_.member_id as member_i1_4_0_,
        member0_.date_of_birth as date_of_2_4_0_,
        member0_.email as email3_4_0_,
        member0_.firebase_token as firebase4_4_0_,
        member0_.nickname as nickname5_4_0_,
        member0_.policy_terms_id as policy_t7_4_0_,
        member0_.sign_up_date as sign_up_6_4_0_,
        policyterm1_.policy_terms_id as policy_t1_5_1_,
        policyterm1_.policy_1 as policy_2_5_1_,
        policyterm1_.policy_2 as policy_3_5_1_,
        policyterm1_.policy_3 as policy_4_5_1_ 
    from
        member member0_ 
    left outer join
        policy_terms policyterm1_ 
            on member0_.policy_terms_id=policyterm1_.policy_terms_id 
    where
        member0_.member_id=?
Hibernate: 
    insert 
    into
        post
        (post_id, img_name, content, for_me, location, member_id, post_time, switch_pic) 
    values
        (default, ?, ?, ?, ?, ?, ?, ?)
Hibernate: 
    insert 
    into
        post_like
        (post_like_id, member_id, post_id) 
    values
        (default, ?, ?)
Hibernate: 
    insert 
    into
        post_like
        (post_like_id, member_id, post_id) 
    values
        (default, ?, ?)
Hibernate: 
    insert 
    into
        post_like
        (post_like_id, member_id, post_id) 
    values
        (default, ?, ?)
Hibernate: 
    insert 
    into
        post_like
        (post_like_id, member_id, post_id) 
    values
        (default, ?, ?)
Hibernate: 
    insert 
    into
        post_like
        (post_like_id, member_id, post_id) 
    values
        (default, ?, ?)
Hibernate: 
    insert 
    into
        post_like
        (post_like_id, member_id, post_id) 
    values
        (default, ?, ?)
Hibernate: 
    insert 
    into
        background_pic
        (background_pic_id, img_name, server_path) 
    values
        (default, ?, ?)
Hibernate: 
    insert 
    into
        background_pic
        (background_pic_id, img_name, server_path) 
    values
        (default, ?, ?)
Hibernate: 
    insert 
    into
        background_pic
        (background_pic_id, img_name, server_path) 
    values
        (default, ?, ?)
Hibernate: 
    insert 
    into
        background_pic
        (background_pic_id, img_name, server_path) 
    values
        (default, ?, ?)
Hibernate: 
    insert 
    into
        background_pic
        (background_pic_id, img_name, server_path) 
    values
        (default, ?, ?)
Hibernate: 
    insert 
    into
        background_pic
        (background_pic_id, img_name, server_path) 
    values
        (default, ?, ?)
Hibernate: 
    insert 
    into
        background_pic
        (background_pic_id, img_name, server_path) 
    values
        (default, ?, ?)
Hibernate: 
    insert 
    into
        background_pic
        (background_pic_id, img_name, server_path) 
    values
        (default, ?, ?)
Hibernate: 
    insert 
    into
        background_pic
        (background_pic_id, img_name, server_path) 
    values
        (default, ?, ?)
Hibernate: 
    insert 
    into
        background_pic
        (background_pic_id, img_name, server_path) 
    values
        (default, ?, ?)
Hibernate: 
    insert 
    into
        background_pic
        (background_pic_id, img_name, server_path) 
    values
        (default, ?, ?)
Hibernate: 
    insert 
    into
        background_pic
        (background_pic_id, img_name, server_path) 
    values
        (default, ?, ?)
Hibernate: 
    insert 
    into
        background_pic
        (background_pic_id, img_name, server_path) 
    values
        (default, ?, ?)
Hibernate: 
    insert 
    into
        background_pic
        (background_pic_id, img_name, server_path) 
    values
        (default, ?, ?)
Hibernate: 
    insert 
    into
        background_pic
        (background_pic_id, img_name, server_path) 
    values
        (default, ?, ?)
Hibernate: 
    insert 
    into
        background_pic
        (background_pic_id, img_name, server_path) 
    values
        (default, ?, ?)
Hibernate: 
    insert 
    into
        background_pic
        (background_pic_id, img_name, server_path) 
    values
        (default, ?, ?)
Hibernate: 
    insert 
    into
        background_pic
        (background_pic_id, img_name, server_path) 
    values
        (default, ?, ?)
Hibernate: 
    insert 
    into
        background_pic
        (background_pic_id, img_name, server_path) 
    values
        (default, ?, ?)
Hibernate: 
    insert 
    into
        background_pic
        (background_pic_id, img_name, server_path) 
    values
        (default, ?, ?)
Hibernate: 
    insert 
    into
        background_pic
        (background_pic_id, img_name, server_path) 
    values
        (default, ?, ?)
Hibernate: 
    insert 
    into
        background_pic
        (background_pic_id, img_name, server_path) 
    values
        (default, ?, ?)
Hibernate: 
    insert 
    into
        background_pic
        (background_pic_id, img_name, server_path) 
    values
        (default, ?, ?)
Hibernate: 
    insert 
    into
        background_pic
        (background_pic_id, img_name, server_path) 
    values
        (default, ?, ?)
Hibernate: 
    insert 
    into
        background_pic
        (background_pic_id, img_name, server_path) 
    values
        (default, ?, ?)
Hibernate: 
    insert 
    into
        background_pic
        (background_pic_id, img_name, server_path) 
    values
        (default, ?, ?)
Hibernate: 
    insert 
    into
        background_pic
        (background_pic_id, img_name, server_path) 
    values
        (default, ?, ?)
Hibernate: 
    insert 
    into
        background_pic
        (background_pic_id, img_name, server_path) 
    values
        (default, ?, ?)
Hibernate: 
    insert 
    into
        background_pic
        (background_pic_id, img_name, server_path) 
    values
        (default, ?, ?)
Hibernate: 
    insert 
    into
        background_pic
        (background_pic_id, img_name, server_path) 
    values
        (default, ?, ?)
Hibernate: 
    insert 
    into
        background_pic
        (background_pic_id, img_name, server_path) 
    values
        (default, ?, ?)
Hibernate: 
    insert 
    into
        background_pic
        (background_pic_id, img_name, server_path) 
    values
        (default, ?, ?)
Hibernate: 
    insert 
    into
        background_pic
        (background_pic_id, img_name, server_path) 
    values
        (default, ?, ?)
Hibernate: 
    insert 
    into
        background_pic
        (background_pic_id, img_name, server_path) 
    values
        (default, ?, ?)
Hibernate: 
    insert 
    into
        background_pic
        (background_pic_id, img_name, server_path) 
    values
        (default, ?, ?)
Hibernate: 
    insert 
    into
        background_pic
        (background_pic_id, img_name, server_path) 
    values
        (default, ?, ?)
Hibernate: 
    insert 
    into
        background_pic
        (background_pic_id, img_name, server_path) 
    values
        (default, ?, ?)
Hibernate: 
    insert 
    into
        background_pic
        (background_pic_id, img_name, server_path) 
    values
        (default, ?, ?)
Hibernate: 
    insert 
    into
        background_pic
        (background_pic_id, img_name, server_path) 
    values
        (default, ?, ?)
Hibernate: 
    insert 
    into
        background_pic
        (background_pic_id, img_name, server_path) 
    values
        (default, ?, ?)
Hibernate: 
    insert 
    into
        background_pic
        (background_pic_id, img_name, server_path) 
    values
        (default, ?, ?)
Hibernate: 
    insert 
    into
        background_pic
        (background_pic_id, img_name, server_path) 
    values
        (default, ?, ?)
Hibernate: 
    insert 
    into
        background_pic
        (background_pic_id, img_name, server_path) 
    values
        (default, ?, ?)
Hibernate: 
    insert 
    into
        background_pic
        (background_pic_id, img_name, server_path) 
    values
        (default, ?, ?)
Hibernate: 
    insert 
    into
        background_pic
        (background_pic_id, img_name, server_path) 
    values
        (default, ?, ?)
Hibernate: 
    insert 
    into
        background_pic
        (background_pic_id, img_name, server_path) 
    values
        (default, ?, ?)
Hibernate: 
    insert 
    into
        background_pic
        (background_pic_id, img_name, server_path) 
    values
        (default, ?, ?)
Hibernate: 
    insert 
    into
        background_pic
        (background_pic_id, img_name, server_path) 
    values
        (default, ?, ?)
Hibernate: 
    insert 
    into
        background_pic
        (background_pic_id, img_name, server_path) 
    values
        (default, ?, ?)
Hibernate: 
    insert 
    into
        background_pic
        (background_pic_id, img_name, server_path) 
    values
        (default, ?, ?)
Hibernate: 
    insert 
    into
        background_pic
        (background_pic_id, img_name, server_path) 
    values
        (default, ?, ?)
Hibernate: 
    insert 
    into
        background_pic
        (background_pic_id, img_name, server_path) 
    values
        (default, ?, ?)
Hibernate: 
    insert 
    into
        background_pic
        (background_pic_id, img_name, server_path) 
    values
        (default, ?, ?)
Hibernate: 
    insert 
    into
        background_pic
        (background_pic_id, img_name, server_path) 
    values
        (default, ?, ?)
Hibernate: 
    insert 
    into
        background_pic
        (background_pic_id, img_name, server_path) 
    values
        (default, ?, ?)
Hibernate: 
    insert 
    into
        background_pic
        (background_pic_id, img_name, server_path) 
    values
        (default, ?, ?)
Hibernate: 
    insert 
    into
        background_pic
        (background_pic_id, img_name, server_path) 
    values
        (default, ?, ?)
Hibernate: 
    insert 
    into
        background_pic
        (background_pic_id, img_name, server_path) 
    values
        (default, ?, ?)
Hibernate: 
    insert 
    into
        background_pic
        (background_pic_id, img_name, server_path) 
    values
        (default, ?, ?)
Hibernate: 
    insert 
    into
        background_pic
        (background_pic_id, img_name, server_path) 
    values
        (default, ?, ?)
Hibernate: 
    insert 
    into
        background_pic
        (background_pic_id, img_name, server_path) 
    values
        (default, ?, ?)
Hibernate: 
    insert 
    into
        background_pic
        (background_pic_id, img_name, server_path) 
    values
        (default, ?, ?)
Hibernate: 
    insert 
    into
        background_pic
        (background_pic_id, img_name, server_path) 
    values
        (default, ?, ?)
Hibernate: 
    insert 
    into
        background_pic
        (background_pic_id, img_name, server_path) 
    values
        (default, ?, ?)
Hibernate: 
    insert 
    into
        background_pic
        (background_pic_id, img_name, server_path) 
    values
        (default, ?, ?)
Hibernate: 
    insert 
    into
        background_pic
        (background_pic_id, img_name, server_path) 
    values
        (default, ?, ?)
Hibernate: 
    insert 
    into
        background_pic
        (background_pic_id, img_name, server_path) 
    values
        (default, ?, ?)
Hibernate: 
    insert 
    into
        background_pic
        (background_pic_id, img_name, server_path) 
    values
        (default, ?, ?)
Hibernate: 
    insert 
    into
        background_pic
        (background_pic_id, img_name, server_path) 
    values
        (default, ?, ?)
Hibernate: 
    insert 
    into
        background_pic
        (background_pic_id, img_name, server_path) 
    values
        (default, ?, ?)
Hibernate: 
    insert 
    into
        background_pic
        (background_pic_id, img_name, server_path) 
    values
        (default, ?, ?)
Hibernate: 
    insert 
    into
        background_pic
        (background_pic_id, img_name, server_path) 
    values
        (default, ?, ?)
Hibernate: 
    insert 
    into
        background_pic
        (background_pic_id, img_name, server_path) 
    values
        (default, ?, ?)
Hibernate: 
    insert 
    into
        background_pic
        (background_pic_id, img_name, server_path) 
    values
        (default, ?, ?)
Hibernate: 
    insert 
    into
        background_pic
        (background_pic_id, img_name, server_path) 
    values
        (default, ?, ?)
Hibernate: 
    insert 
    into
        background_pic
        (background_pic_id, img_name, server_path) 
    values
        (default, ?, ?)
Hibernate: 
    insert 
    into
        background_pic
        (background_pic_id, img_name, server_path) 
    values
        (default, ?, ?)
Hibernate: 
    insert 
    into
        background_pic
        (background_pic_id, img_name, server_path) 
    values
        (default, ?, ?)
Hibernate: 
    insert 
    into
        background_pic
        (background_pic_id, img_name, server_path) 
    values
        (default, ?, ?)
Hibernate: 
    insert 
    into
        background_pic
        (background_pic_id, img_name, server_path) 
    values
        (default, ?, ?)
Hibernate: 
    insert 
    into
        background_pic
        (background_pic_id, img_name, server_path) 
    values
        (default, ?, ?)
Hibernate: 
    insert 
    into
        background_pic
        (background_pic_id, img_name, server_path) 
    values
        (default, ?, ?)
Hibernate: 
    insert 
    into
        background_pic
        (background_pic_id, img_name, server_path) 
    values
        (default, ?, ?)
Hibernate: 
    insert 
    into
        background_pic
        (background_pic_id, img_name, server_path) 
    values
        (default, ?, ?)
Hibernate: 
    insert 
    into
        background_pic
        (background_pic_id, img_name, server_path) 
    values
        (default, ?, ?)
Hibernate: 
    insert 
    into
        background_pic
        (background_pic_id, img_name, server_path) 
    values
        (default, ?, ?)
Hibernate: 
    insert 
    into
        background_pic
        (background_pic_id, img_name, server_path) 
    values
        (default, ?, ?)
Hibernate: 
    insert 
    into
        background_pic
        (background_pic_id, img_name, server_path) 
    values
        (default, ?, ?)
Hibernate: 
    insert 
    into
        background_pic
        (background_pic_id, img_name, server_path) 
    values
        (default, ?, ?)
Hibernate: 
    insert 
    into
        background_pic
        (background_pic_id, img_name, server_path) 
    values
        (default, ?, ?)
Hibernate: 
    insert 
    into
        background_pic
        (background_pic_id, img_name, server_path) 
    values
        (default, ?, ?)
Hibernate: 
    insert 
    into
        background_pic
        (background_pic_id, img_name, server_path) 
    values
        (default, ?, ?)
Hibernate: 
    insert 
    into
        background_pic
        (background_pic_id, img_name, server_path) 
    values
        (default, ?, ?)
Hibernate: 
    insert 
    into
        background_pic
        (background_pic_id, img_name, server_path) 
    values
        (default, ?, ?)
Hibernate: 
    insert 
    into
        background_pic
        (background_pic_id, img_name, server_path) 
    values
        (default, ?, ?)
Hibernate: 
    insert 
    into
        background_pic
        (background_pic_id, img_name, server_path) 
    values
        (default, ?, ?)
Hibernate: 
    insert 
    into
        background_pic
        (background_pic_id, img_name, server_path) 
    values
        (default, ?, ?)
Hibernate: 
    insert 
    into
        background_pic
        (background_pic_id, img_name, server_path) 
    values
        (default, ?, ?)
Hibernate: 
    insert 
    into
        background_pic
        (background_pic_id, img_name, server_path) 
    values
        (default, ?, ?)
Hibernate: 
    insert 
    into
        background_pic
        (background_pic_id, img_name, server_path) 
    values
        (default, ?, ?)
Hibernate: 
    insert 
    into
        policy_terms
        (policy_terms_id, policy_1, policy_2, policy_3) 
    values
        (default, ?, ?, ?)
Hibernate: 
    insert 
    into
        member
        (member_id, date_of_birth, email, firebase_token, nickname, policy_terms_id, sign_up_date) 
    values
        (default, ?, ?, ?, ?, ?, ?)
Hibernate: 
    insert 
    into
        post
        (post_id, img_name, content, for_me, location, member_id, post_time, switch_pic) 
    values
        (default, ?, ?, ?, ?, ?, ?, ?)
Hibernate: 
    insert 
    into
        policy_terms
        (policy_terms_id, policy_1, policy_2, policy_3) 
    values
        (default, ?, ?, ?)
Hibernate: 
    insert 
    into
        member
        (member_id, date_of_birth, email, firebase_token, nickname, policy_terms_id, sign_up_date) 
    values
        (default, ?, ?, ?, ?, ?, ?)
Hibernate: 
    insert 
    into
        post
        (post_id, img_name, content, for_me, location, member_id, post_time, switch_pic) 
    values
        (default, ?, ?, ?, ?, ?, ?, ?)
Hibernate: 
    insert 
    into
        policy_terms
        (policy_terms_id, policy_1, policy_2, policy_3) 
    values
        (default, ?, ?, ?)
Hibernate: 
    insert 
    into
        member
        (member_id, date_of_birth, email, firebase_token, nickname, policy_terms_id, sign_up_date) 
    values
        (default, ?, ?, ?, ?, ?, ?)
Hibernate: 
    insert 
    into
        post
        (post_id, img_name, content, for_me, location, member_id, post_time, switch_pic) 
    values
        (default, ?, ?, ?, ?, ?, ?, ?)
Hibernate: 
    insert 
    into
        policy_terms
        (policy_terms_id, policy_1, policy_2, policy_3) 
    values
        (default, ?, ?, ?)
Hibernate: 
    insert 
    into
        member
        (member_id, date_of_birth, email, firebase_token, nickname, policy_terms_id, sign_up_date) 
    values
        (default, ?, ?, ?, ?, ?, ?)
Hibernate: 
    insert 
    into
        post
        (post_id, img_name, content, for_me, location, member_id, post_time, switch_pic) 
    values
        (default, ?, ?, ?, ?, ?, ?, ?)
Hibernate: 
    insert 
    into
        policy_terms
        (policy_terms_id, policy_1, policy_2, policy_3) 
    values
        (default, ?, ?, ?)
Hibernate: 
    insert 
    into
        member
        (member_id, date_of_birth, email, firebase_token, nickname, policy_terms_id, sign_up_date) 
    values
        (default, ?, ?, ?, ?, ?, ?)
Hibernate: 
    insert 
    into
        post
        (post_id, img_name, content, for_me, location, member_id, post_time, switch_pic) 
    values
        (default, ?, ?, ?, ?, ?, ?, ?)
Hibernate: 
    insert 
    into
        policy_terms
        (policy_terms_id, policy_1, policy_2, policy_3) 
    values
        (default, ?, ?, ?)
Hibernate: 
    insert 
    into
        member
        (member_id, date_of_birth, email, firebase_token, nickname, policy_terms_id, sign_up_date) 
    values
        (default, ?, ?, ?, ?, ?, ?)
Hibernate: 
    insert 
    into
        post
        (post_id, img_name, content, for_me, location, member_id, post_time, switch_pic) 
    values
        (default, ?, ?, ?, ?, ?, ?, ?)
Hibernate: 
    insert 
    into
        policy_terms
        (policy_terms_id, policy_1, policy_2, policy_3) 
    values
        (default, ?, ?, ?)
Hibernate: 
    insert 
    into
        member
        (member_id, date_of_birth, email, firebase_token, nickname, policy_terms_id, sign_up_date) 
    values
        (default, ?, ?, ?, ?, ?, ?)
Hibernate: 
    insert 
    into
        post
        (post_id, img_name, content, for_me, location, member_id, post_time, switch_pic) 
    values
        (default, ?, ?, ?, ?, ?, ?, ?)
Hibernate: 
    insert 
    into
        policy_terms
        (policy_terms_id, policy_1, policy_2, policy_3) 
    values
        (default, ?, ?, ?)
Hibernate: 
    insert 
    into
        member
        (member_id, date_of_birth, email, firebase_token, nickname, policy_terms_id, sign_up_date) 
    values
        (default, ?, ?, ?, ?, ?, ?)
Hibernate: 
    insert 
    into
        post
        (post_id, img_name, content, for_me, location, member_id, post_time, switch_pic) 
    values
        (default, ?, ?, ?, ?, ?, ?, ?)
Hibernate: 
    insert 
    into
        policy_terms
        (policy_terms_id, policy_1, policy_2, policy_3) 
    values
        (default, ?, ?, ?)
Hibernate: 
    insert 
    into
        member
        (member_id, date_of_birth, email, firebase_token, nickname, policy_terms_id, sign_up_date) 
    values
        (default, ?, ?, ?, ?, ?, ?)
Hibernate: 
    insert 
    into
        post
        (post_id, img_name, content, for_me, location, member_id, post_time, switch_pic) 
    values
        (default, ?, ?, ?, ?, ?, ?, ?)
Hibernate: 
    insert 
    into
        policy_terms
        (policy_terms_id, policy_1, policy_2, policy_3) 
    values
        (default, ?, ?, ?)
Hibernate: 
    insert 
    into
        member
        (member_id, date_of_birth, email, firebase_token, nickname, policy_terms_id, sign_up_date) 
    values
        (default, ?, ?, ?, ?, ?, ?)
Hibernate: 
    insert 
    into
        post
        (post_id, img_name, content, for_me, location, member_id, post_time, switch_pic) 
    values
        (default, ?, ?, ?, ?, ?, ?, ?)
Hibernate: 
    insert 
    into
        policy_terms
        (policy_terms_id, policy_1, policy_2, policy_3) 
    values
        (default, ?, ?, ?)
Hibernate: 
    insert 
    into
        member
        (member_id, date_of_birth, email, firebase_token, nickname, policy_terms_id, sign_up_date) 
    values
        (default, ?, ?, ?, ?, ?, ?)
Hibernate: 
    insert 
    into
        post
        (post_id, img_name, content, for_me, location, member_id, post_time, switch_pic) 
    values
        (default, ?, ?, ?, ?, ?, ?, ?)
Hibernate: 
    insert 
    into
        policy_terms
        (policy_terms_id, policy_1, policy_2, policy_3) 
    values
        (default, ?, ?, ?)
Hibernate: 
    insert 
    into
        member
        (member_id, date_of_birth, email, firebase_token, nickname, policy_terms_id, sign_up_date) 
    values
        (default, ?, ?, ?, ?, ?, ?)
Hibernate: 
    insert 
    into
        post
        (post_id, img_name, content, for_me, location, member_id, post_time, switch_pic) 
    values
        (default, ?, ?, ?, ?, ?, ?, ?)
Hibernate: 
    insert 
    into
        policy_terms
        (policy_terms_id, policy_1, policy_2, policy_3) 
    values
        (default, ?, ?, ?)
Hibernate: 
    insert 
    into
        member
        (member_id, date_of_birth, email, firebase_token, nickname, policy_terms_id, sign_up_date) 
    values
        (default, ?, ?, ?, ?, ?, ?)
Hibernate: 
    insert 
    into
        post
        (post_id, img_name, content, for_me, location, member_id, post_time, switch_pic) 
    values
        (default, ?, ?, ?, ?, ?, ?, ?)
Hibernate: 
    insert 
    into
        policy_terms
        (policy_terms_id, policy_1, policy_2, policy_3) 
    values
        (default, ?, ?, ?)
Hibernate: 
    insert 
    into
        member
        (member_id, date_of_birth, email, firebase_token, nickname, policy_terms_id, sign_up_date) 
    values
        (default, ?, ?, ?, ?, ?, ?)
Hibernate: 
    insert 
    into
        post
        (post_id, img_name, content, for_me, location, member_id, post_time, switch_pic) 
    values
        (default, ?, ?, ?, ?, ?, ?, ?)
Hibernate: 
    insert 
    into
        policy_terms
        (policy_terms_id, policy_1, policy_2, policy_3) 
    values
        (default, ?, ?, ?)
Hibernate: 
    insert 
    into
        member
        (member_id, date_of_birth, email, firebase_token, nickname, policy_terms_id, sign_up_date) 
    values
        (default, ?, ?, ?, ?, ?, ?)
Hibernate: 
    insert 
    into
        post
        (post_id, img_name, content, for_me, location, member_id, post_time, switch_pic) 
    values
        (default, ?, ?, ?, ?, ?, ?, ?)
Hibernate: 
    insert 
    into
        policy_terms
        (policy_terms_id, policy_1, policy_2, policy_3) 
    values
        (default, ?, ?, ?)
Hibernate: 
    insert 
    into
        member
        (member_id, date_of_birth, email, firebase_token, nickname, policy_terms_id, sign_up_date) 
    values
        (default, ?, ?, ?, ?, ?, ?)
Hibernate: 
    insert 
    into
        post
        (post_id, img_name, content, for_me, location, member_id, post_time, switch_pic) 
    values
        (default, ?, ?, ?, ?, ?, ?, ?)
Hibernate: 
    insert 
    into
        policy_terms
        (policy_terms_id, policy_1, policy_2, policy_3) 
    values
        (default, ?, ?, ?)
Hibernate: 
    insert 
    into
        member
        (member_id, date_of_birth, email, firebase_token, nickname, policy_terms_id, sign_up_date) 
    values
        (default, ?, ?, ?, ?, ?, ?)
Hibernate: 
    insert 
    into
        post
        (post_id, img_name, content, for_me, location, member_id, post_time, switch_pic) 
    values
        (default, ?, ?, ?, ?, ?, ?, ?)
Hibernate: 
    insert 
    into
        policy_terms
        (policy_terms_id, policy_1, policy_2, policy_3) 
    values
        (default, ?, ?, ?)
Hibernate: 
    insert 
    into
        member
        (member_id, date_of_birth, email, firebase_token, nickname, policy_terms_id, sign_up_date) 
    values
        (default, ?, ?, ?, ?, ?, ?)
Hibernate: 
    insert 
    into
        post
        (post_id, img_name, content, for_me, location, member_id, post_time, switch_pic) 
    values
        (default, ?, ?, ?, ?, ?, ?, ?)
Hibernate: 
    insert 
    into
        policy_terms
        (policy_terms_id, policy_1, policy_2, policy_3) 
    values
        (default, ?, ?, ?)
Hibernate: 
    insert 
    into
        member
        (member_id, date_of_birth, email, firebase_token, nickname, policy_terms_id, sign_up_date) 
    values
        (default, ?, ?, ?, ?, ?, ?)
Hibernate: 
    insert 
    into
        post
        (post_id, img_name, content, for_me, location, member_id, post_time, switch_pic) 
    values
        (default, ?, ?, ?, ?, ?, ?, ?)
Hibernate: 
    insert 
    into
        policy_terms
        (policy_terms_id, policy_1, policy_2, policy_3) 
    values
        (default, ?, ?, ?)
Hibernate: 
    insert 
    into
        member
        (member_id, date_of_birth, email, firebase_token, nickname, policy_terms_id, sign_up_date) 
    values
        (default, ?, ?, ?, ?, ?, ?)
Hibernate: 
    insert 
    into
        post
        (post_id, img_name, content, for_me, location, member_id, post_time, switch_pic) 
    values
        (default, ?, ?, ?, ?, ?, ?, ?)
Hibernate: 
    insert 
    into
        policy_terms
        (policy_terms_id, policy_1, policy_2, policy_3) 
    values
        (default, ?, ?, ?)
Hibernate: 
    insert 
    into
        member
        (member_id, date_of_birth, email, firebase_token, nickname, policy_terms_id, sign_up_date) 
    values
        (default, ?, ?, ?, ?, ?, ?)
Hibernate: 
    insert 
    into
        post
        (post_id, img_name, content, for_me, location, member_id, post_time, switch_pic) 
    values
        (default, ?, ?, ?, ?, ?, ?, ?)
Hibernate: 
    insert 
    into
        policy_terms
        (policy_terms_id, policy_1, policy_2, policy_3) 
    values
        (default, ?, ?, ?)
Hibernate: 
    insert 
    into
        member
        (member_id, date_of_birth, email, firebase_token, nickname, policy_terms_id, sign_up_date) 
    values
        (default, ?, ?, ?, ?, ?, ?)
Hibernate: 
    insert 
    into
        post
        (post_id, img_name, content, for_me, location, member_id, post_time, switch_pic) 
    values
        (default, ?, ?, ?, ?, ?, ?, ?)
Hibernate: 
    insert 
    into
        policy_terms
        (policy_terms_id, policy_1, policy_2, policy_3) 
    values
        (default, ?, ?, ?)
Hibernate: 
    insert 
    into
        member
        (member_id, date_of_birth, email, firebase_token, nickname, policy_terms_id, sign_up_date) 
    values
        (default, ?, ?, ?, ?, ?, ?)
Hibernate: 
    insert 
    into
        post
        (post_id, img_name, content, for_me, location, member_id, post_time, switch_pic) 
    values
        (default, ?, ?, ?, ?, ?, ?, ?)
Hibernate: 
    insert 
    into
        policy_terms
        (policy_terms_id, policy_1, policy_2, policy_3) 
    values
        (default, ?, ?, ?)
Hibernate: 
    insert 
    into
        member
        (member_id, date_of_birth, email, firebase_token, nickname, policy_terms_id, sign_up_date) 
    values
        (default, ?, ?, ?, ?, ?, ?)
Hibernate: 
    insert 
    into
        post
        (post_id, img_name, content, for_me, location, member_id, post_time, switch_pic) 
    values
        (default, ?, ?, ?, ?, ?, ?, ?)
Hibernate: 
    insert 
    into
        policy_terms
        (policy_terms_id, policy_1, policy_2, policy_3) 
    values
        (default, ?, ?, ?)
Hibernate: 
    insert 
    into
        member
        (member_id, date_of_birth, email, firebase_token, nickname, policy_terms_id, sign_up_date) 
    values
        (default, ?, ?, ?, ?, ?, ?)
Hibernate: 
    insert 
    into
        post
        (post_id, img_name, content, for_me, location, member_id, post_time, switch_pic) 
    values
        (default, ?, ?, ?, ?, ?, ?, ?)
Hibernate: 
    insert 
    into
        policy_terms
        (policy_terms_id, policy_1, policy_2, policy_3) 
    values
        (default, ?, ?, ?)
Hibernate: 
    insert 
    into
        member
        (member_id, date_of_birth, email, firebase_token, nickname, policy_terms_id, sign_up_date) 
    values
        (default, ?, ?, ?, ?, ?, ?)
Hibernate: 
    insert 
    into
        post
        (post_id, img_name, content, for_me, location, member_id, post_time, switch_pic) 
    values
        (default, ?, ?, ?, ?, ?, ?, ?)
Hibernate: 
    insert 
    into
        policy_terms
        (policy_terms_id, policy_1, policy_2, policy_3) 
    values
        (default, ?, ?, ?)
Hibernate: 
    insert 
    into
        member
        (member_id, date_of_birth, email, firebase_token, nickname, policy_terms_id, sign_up_date) 
    values
        (default, ?, ?, ?, ?, ?, ?)
Hibernate: 
    insert 
    into
        post
        (post_id, img_name, content, for_me, location, member_id, post_time, switch_pic) 
    values
        (default, ?, ?, ?, ?, ?, ?, ?)
Hibernate: 
    insert 
    into
        policy_terms
        (policy_terms_id, policy_1, policy_2, policy_3) 
    values
        (default, ?, ?, ?)
Hibernate: 
    insert 
    into
        member
        (member_id, date_of_birth, email, firebase_token, nickname, policy_terms_id, sign_up_date) 
    values
        (default, ?, ?, ?, ?, ?, ?)
Hibernate: 
    insert 
    into
        post
        (post_id, img_name, content, for_me, location, member_id, post_time, switch_pic) 
    values
        (default, ?, ?, ?, ?, ?, ?, ?)
Hibernate: 
    insert 
    into
        policy_terms
        (policy_terms_id, policy_1, policy_2, policy_3) 
    values
        (default, ?, ?, ?)
Hibernate: 
    insert 
    into
        member
        (member_id, date_of_birth, email, firebase_token, nickname, policy_terms_id, sign_up_date) 
    values
        (default, ?, ?, ?, ?, ?, ?)
Hibernate: 
    insert 
    into
        post
        (post_id, img_name, content, for_me, location, member_id, post_time, switch_pic) 
    values
        (default, ?, ?, ?, ?, ?, ?, ?)
Hibernate: 
    insert 
    into
        policy_terms
        (policy_terms_id, policy_1, policy_2, policy_3) 
    values
        (default, ?, ?, ?)
Hibernate: 
    insert 
    into
        member
        (member_id, date_of_birth, email, firebase_token, nickname, policy_terms_id, sign_up_date) 
    values
        (default, ?, ?, ?, ?, ?, ?)
Hibernate: 
    insert 
    into
        post
        (post_id, img_name, content, for_me, location, member_id, post_time, switch_pic) 
    values
        (default, ?, ?, ?, ?, ?, ?, ?)
Hibernate: 
    insert 
    into
        policy_terms
        (policy_terms_id, policy_1, policy_2, policy_3) 
    values
        (default, ?, ?, ?)
Hibernate: 
    insert 
    into
        member
        (member_id, date_of_birth, email, firebase_token, nickname, policy_terms_id, sign_up_date) 
    values
        (default, ?, ?, ?, ?, ?, ?)
Hibernate: 
    insert 
    into
        post
        (post_id, img_name, content, for_me, location, member_id, post_time, switch_pic) 
    values
        (default, ?, ?, ?, ?, ?, ?, ?)
Hibernate: 
    insert 
    into
        policy_terms
        (policy_terms_id, policy_1, policy_2, policy_3) 
    values
        (default, ?, ?, ?)
Hibernate: 
    insert 
    into
        member
        (member_id, date_of_birth, email, firebase_token, nickname, policy_terms_id, sign_up_date) 
    values
        (default, ?, ?, ?, ?, ?, ?)
Hibernate: 
    insert 
    into
        post
        (post_id, img_name, content, for_me, location, member_id, post_time, switch_pic) 
    values
        (default, ?, ?, ?, ?, ?, ?, ?)
Hibernate: 
    insert 
    into
        policy_terms
        (policy_terms_id, policy_1, policy_2, policy_3) 
    values
        (default, ?, ?, ?)
Hibernate: 
    insert 
    into
        member
        (member_id, date_of_birth, email, firebase_token, nickname, policy_terms_id, sign_up_date) 
    values
        (default, ?, ?, ?, ?, ?, ?)
Hibernate: 
    insert 
    into
        post
        (post_id, img_name, content, for_me, location, member_id, post_time, switch_pic) 
    values
        (default, ?, ?, ?, ?, ?, ?, ?)
Hibernate: 
    insert 
    into
        policy_terms
        (policy_terms_id, policy_1, policy_2, policy_3) 
    values
        (default, ?, ?, ?)
Hibernate: 
    insert 
    into
        member
        (member_id, date_of_birth, email, firebase_token, nickname, policy_terms_id, sign_up_date) 
    values
        (default, ?, ?, ?, ?, ?, ?)
Hibernate: 
    insert 
    into
        post
        (post_id, img_name, content, for_me, location, member_id, post_time, switch_pic) 
    values
        (default, ?, ?, ?, ?, ?, ?, ?)
Hibernate: 
    insert 
    into
        policy_terms
        (policy_terms_id, policy_1, policy_2, policy_3) 
    values
        (default, ?, ?, ?)
Hibernate: 
    insert 
    into
        member
        (member_id, date_of_birth, email, firebase_token, nickname, policy_terms_id, sign_up_date) 
    values
        (default, ?, ?, ?, ?, ?, ?)
Hibernate: 
    insert 
    into
        post
        (post_id, img_name, content, for_me, location, member_id, post_time, switch_pic) 
    values
        (default, ?, ?, ?, ?, ?, ?, ?)
Hibernate: 
    insert 
    into
        policy_terms
        (policy_terms_id, policy_1, policy_2, policy_3) 
    values
        (default, ?, ?, ?)
Hibernate: 
    insert 
    into
        member
        (member_id, date_of_birth, email, firebase_token, nickname, policy_terms_id, sign_up_date) 
    values
        (default, ?, ?, ?, ?, ?, ?)
Hibernate: 
    insert 
    into
        post
        (post_id, img_name, content, for_me, location, member_id, post_time, switch_pic) 
    values
        (default, ?, ?, ?, ?, ?, ?, ?)
Hibernate: 
    insert 
    into
        policy_terms
        (policy_terms_id, policy_1, policy_2, policy_3) 
    values
        (default, ?, ?, ?)
Hibernate: 
    insert 
    into
        member
        (member_id, date_of_birth, email, firebase_token, nickname, policy_terms_id, sign_up_date) 
    values
        (default, ?, ?, ?, ?, ?, ?)
Hibernate: 
    insert 
    into
        post
        (post_id, img_name, content, for_me, location, member_id, post_time, switch_pic) 
    values
        (default, ?, ?, ?, ?, ?, ?, ?)
Hibernate: 
    insert 
    into
        policy_terms
        (policy_terms_id, policy_1, policy_2, policy_3) 
    values
        (default, ?, ?, ?)
Hibernate: 
    insert 
    into
        member
        (member_id, date_of_birth, email, firebase_token, nickname, policy_terms_id, sign_up_date) 
    values
        (default, ?, ?, ?, ?, ?, ?)
Hibernate: 
    insert 
    into
        post
        (post_id, img_name, content, for_me, location, member_id, post_time, switch_pic) 
    values
        (default, ?, ?, ?, ?, ?, ?, ?)
Hibernate: 
    insert 
    into
        policy_terms
        (policy_terms_id, policy_1, policy_2, policy_3) 
    values
        (default, ?, ?, ?)
Hibernate: 
    insert 
    into
        member
        (member_id, date_of_birth, email, firebase_token, nickname, policy_terms_id, sign_up_date) 
    values
        (default, ?, ?, ?, ?, ?, ?)
Hibernate: 
    insert 
    into
        post
        (post_id, img_name, content, for_me, location, member_id, post_time, switch_pic) 
    values
        (default, ?, ?, ?, ?, ?, ?, ?)
Hibernate: 
    insert 
    into
        policy_terms
        (policy_terms_id, policy_1, policy_2, policy_3) 
    values
        (default, ?, ?, ?)
Hibernate: 
    insert 
    into
        member
        (member_id, date_of_birth, email, firebase_token, nickname, policy_terms_id, sign_up_date) 
    values
        (default, ?, ?, ?, ?, ?, ?)
Hibernate: 
    insert 
    into
        post
        (post_id, img_name, content, for_me, location, member_id, post_time, switch_pic) 
    values
        (default, ?, ?, ?, ?, ?, ?, ?)
Hibernate: 
    insert 
    into
        policy_terms
        (policy_terms_id, policy_1, policy_2, policy_3) 
    values
        (default, ?, ?, ?)
Hibernate: 
    insert 
    into
        member
        (member_id, date_of_birth, email, firebase_token, nickname, policy_terms_id, sign_up_date) 
    values
        (default, ?, ?, ?, ?, ?, ?)
Hibernate: 
    insert 
    into
        post
        (post_id, img_name, content, for_me, location, member_id, post_time, switch_pic) 
    values
        (default, ?, ?, ?, ?, ?, ?, ?)
Hibernate: 
    insert 
    into
        policy_terms
        (policy_terms_id, policy_1, policy_2, policy_3) 
    values
        (default, ?, ?, ?)
Hibernate: 
    insert 
    into
        member
        (member_id, date_of_birth, email, firebase_token, nickname, policy_terms_id, sign_up_date) 
    values
        (default, ?, ?, ?, ?, ?, ?)
Hibernate: 
    insert 
    into
        post
        (post_id, img_name, content, for_me, location, member_id, post_time, switch_pic) 
    values
        (default, ?, ?, ?, ?, ?, ?, ?)
Hibernate: 
    insert 
    into
        policy_terms
        (policy_terms_id, policy_1, policy_2, policy_3) 
    values
        (default, ?, ?, ?)
Hibernate: 
    insert 
    into
        member
        (member_id, date_of_birth, email, firebase_token, nickname, policy_terms_id, sign_up_date) 
    values
        (default, ?, ?, ?, ?, ?, ?)
Hibernate: 
    insert 
    into
        post
        (post_id, img_name, content, for_me, location, member_id, post_time, switch_pic) 
    values
        (default, ?, ?, ?, ?, ?, ?, ?)
Hibernate: 
    insert 
    into
        policy_terms
        (policy_terms_id, policy_1, policy_2, policy_3) 
    values
        (default, ?, ?, ?)
Hibernate: 
    insert 
    into
        member
        (member_id, date_of_birth, email, firebase_token, nickname, policy_terms_id, sign_up_date) 
    values
        (default, ?, ?, ?, ?, ?, ?)
Hibernate: 
    insert 
    into
        post
        (post_id, img_name, content, for_me, location, member_id, post_time, switch_pic) 
    values
        (default, ?, ?, ?, ?, ?, ?, ?)
Hibernate: 
    insert 
    into
        policy_terms
        (policy_terms_id, policy_1, policy_2, policy_3) 
    values
        (default, ?, ?, ?)
Hibernate: 
    insert 
    into
        member
        (member_id, date_of_birth, email, firebase_token, nickname, policy_terms_id, sign_up_date) 
    values
        (default, ?, ?, ?, ?, ?, ?)
Hibernate: 
    insert 
    into
        post
        (post_id, img_name, content, for_me, location, member_id, post_time, switch_pic) 
    values
        (default, ?, ?, ?, ?, ?, ?, ?)
Hibernate: 
    insert 
    into
        policy_terms
        (policy_terms_id, policy_1, policy_2, policy_3) 
    values
        (default, ?, ?, ?)
Hibernate: 
    insert 
    into
        member
        (member_id, date_of_birth, email, firebase_token, nickname, policy_terms_id, sign_up_date) 
    values
        (default, ?, ?, ?, ?, ?, ?)
Hibernate: 
    insert 
    into
        post
        (post_id, img_name, content, for_me, location, member_id, post_time, switch_pic) 
    values
        (default, ?, ?, ?, ?, ?, ?, ?)
Hibernate: 
    insert 
    into
        policy_terms
        (policy_terms_id, policy_1, policy_2, policy_3) 
    values
        (default, ?, ?, ?)
Hibernate: 
    insert 
    into
        member
        (member_id, date_of_birth, email, firebase_token, nickname, policy_terms_id, sign_up_date) 
    values
        (default, ?, ?, ?, ?, ?, ?)
Hibernate: 
    insert 
    into
        post
        (post_id, img_name, content, for_me, location, member_id, post_time, switch_pic) 
    values
        (default, ?, ?, ?, ?, ?, ?, ?)
Hibernate: 
    insert 
    into
        policy_terms
        (policy_terms_id, policy_1, policy_2, policy_3) 
    values
        (default, ?, ?, ?)
Hibernate: 
    insert 
    into
        member
        (member_id, date_of_birth, email, firebase_token, nickname, policy_terms_id, sign_up_date) 
    values
        (default, ?, ?, ?, ?, ?, ?)
Hibernate: 
    insert 
    into
        post
        (post_id, img_name, content, for_me, location, member_id, post_time, switch_pic) 
    values
        (default, ?, ?, ?, ?, ?, ?, ?)
Hibernate: 
    insert 
    into
        policy_terms
        (policy_terms_id, policy_1, policy_2, policy_3) 
    values
        (default, ?, ?, ?)
Hibernate: 
    insert 
    into
        member
        (member_id, date_of_birth, email, firebase_token, nickname, policy_terms_id, sign_up_date) 
    values
        (default, ?, ?, ?, ?, ?, ?)
Hibernate: 
    insert 
    into
        post
        (post_id, img_name, content, for_me, location, member_id, post_time, switch_pic) 
    values
        (default, ?, ?, ?, ?, ?, ?, ?)
Hibernate: 
    insert 
    into
        policy_terms
        (policy_terms_id, policy_1, policy_2, policy_3) 
    values
        (default, ?, ?, ?)
Hibernate: 
    insert 
    into
        member
        (member_id, date_of_birth, email, firebase_token, nickname, policy_terms_id, sign_up_date) 
    values
        (default, ?, ?, ?, ?, ?, ?)
Hibernate: 
    insert 
    into
        post
        (post_id, img_name, content, for_me, location, member_id, post_time, switch_pic) 
    values
        (default, ?, ?, ?, ?, ?, ?, ?)
Hibernate: 
    insert 
    into
        policy_terms
        (policy_terms_id, policy_1, policy_2, policy_3) 
    values
        (default, ?, ?, ?)
Hibernate: 
    insert 
    into
        member
        (member_id, date_of_birth, email, firebase_token, nickname, policy_terms_id, sign_up_date) 
    values
        (default, ?, ?, ?, ?, ?, ?)
Hibernate: 
    insert 
    into
        post
        (post_id, img_name, content, for_me, location, member_id, post_time, switch_pic) 
    values
        (default, ?, ?, ?, ?, ?, ?, ?)
Hibernate: 
    insert 
    into
        policy_terms
        (policy_terms_id, policy_1, policy_2, policy_3) 
    values
        (default, ?, ?, ?)
Hibernate: 
    insert 
    into
        member
        (member_id, date_of_birth, email, firebase_token, nickname, policy_terms_id, sign_up_date) 
    values
        (default, ?, ?, ?, ?, ?, ?)
Hibernate: 
    insert 
    into
        post
        (post_id, img_name, content, for_me, location, member_id, post_time, switch_pic) 
    values
        (default, ?, ?, ?, ?, ?, ?, ?)
Hibernate: 
    insert 
    into
        policy_terms
        (policy_terms_id, policy_1, policy_2, policy_3) 
    values
        (default, ?, ?, ?)
Hibernate: 
    insert 
    into
        member
        (member_id, date_of_birth, email, firebase_token, nickname, policy_terms_id, sign_up_date) 
    values
        (default, ?, ?, ?, ?, ?, ?)
Hibernate: 
    insert 
    into
        post
        (post_id, img_name, content, for_me, location, member_id, post_time, switch_pic) 
    values
        (default, ?, ?, ?, ?, ?, ?, ?)
Hibernate: 
    insert 
    into
        policy_terms
        (policy_terms_id, policy_1, policy_2, policy_3) 
    values
        (default, ?, ?, ?)
Hibernate: 
    insert 
    into
        member
        (member_id, date_of_birth, email, firebase_token, nickname, policy_terms_id, sign_up_date) 
    values
        (default, ?, ?, ?, ?, ?, ?)
Hibernate: 
    insert 
    into
        post
        (post_id, img_name, content, for_me, location, member_id, post_time, switch_pic) 
    values
        (default, ?, ?, ?, ?, ?, ?, ?)
Hibernate: 
    insert 
    into
        policy_terms
        (policy_terms_id, policy_1, policy_2, policy_3) 
    values
        (default, ?, ?, ?)
Hibernate: 
    insert 
    into
        member
        (member_id, date_of_birth, email, firebase_token, nickname, policy_terms_id, sign_up_date) 
    values
        (default, ?, ?, ?, ?, ?, ?)
Hibernate: 
    insert 
    into
        post
        (post_id, img_name, content, for_me, location, member_id, post_time, switch_pic) 
    values
        (default, ?, ?, ?, ?, ?, ?, ?)
Hibernate: 
    insert 
    into
        policy_terms
        (policy_terms_id, policy_1, policy_2, policy_3) 
    values
        (default, ?, ?, ?)
Hibernate: 
    insert 
    into
        member
        (member_id, date_of_birth, email, firebase_token, nickname, policy_terms_id, sign_up_date) 
    values
        (default, ?, ?, ?, ?, ?, ?)
Hibernate: 
    insert 
    into
        post
        (post_id, img_name, content, for_me, location, member_id, post_time, switch_pic) 
    values
        (default, ?, ?, ?, ?, ?, ?, ?)
Hibernate: 
    insert 
    into
        policy_terms
        (policy_terms_id, policy_1, policy_2, policy_3) 
    values
        (default, ?, ?, ?)
Hibernate: 
    insert 
    into
        member
        (member_id, date_of_birth, email, firebase_token, nickname, policy_terms_id, sign_up_date) 
    values
        (default, ?, ?, ?, ?, ?, ?)
Hibernate: 
    insert 
    into
        post
        (post_id, img_name, content, for_me, location, member_id, post_time, switch_pic) 
    values
        (default, ?, ?, ?, ?, ?, ?, ?)
Hibernate: 
    insert 
    into
        policy_terms
        (policy_terms_id, policy_1, policy_2, policy_3) 
    values
        (default, ?, ?, ?)
Hibernate: 
    insert 
    into
        member
        (member_id, date_of_birth, email, firebase_token, nickname, policy_terms_id, sign_up_date) 
    values
        (default, ?, ?, ?, ?, ?, ?)
Hibernate: 
    insert 
    into
        post
        (post_id, img_name, content, for_me, location, member_id, post_time, switch_pic) 
    values
        (default, ?, ?, ?, ?, ?, ?, ?)
Hibernate: 
    insert 
    into
        policy_terms
        (policy_terms_id, policy_1, policy_2, policy_3) 
    values
        (default, ?, ?, ?)
Hibernate: 
    insert 
    into
        member
        (member_id, date_of_birth, email, firebase_token, nickname, policy_terms_id, sign_up_date) 
    values
        (default, ?, ?, ?, ?, ?, ?)
Hibernate: 
    insert 
    into
        post
        (post_id, img_name, content, for_me, location, member_id, post_time, switch_pic) 
    values
        (default, ?, ?, ?, ?, ?, ?, ?)
Hibernate: 
    insert 
    into
        policy_terms
        (policy_terms_id, policy_1, policy_2, policy_3) 
    values
        (default, ?, ?, ?)
Hibernate: 
    insert 
    into
        member
        (member_id, date_of_birth, email, firebase_token, nickname, policy_terms_id, sign_up_date) 
    values
        (default, ?, ?, ?, ?, ?, ?)
Hibernate: 
    insert 
    into
        post
        (post_id, img_name, content, for_me, location, member_id, post_time, switch_pic) 
    values
        (default, ?, ?, ?, ?, ?, ?, ?)
Hibernate: 
    insert 
    into
        policy_terms
        (policy_terms_id, policy_1, policy_2, policy_3) 
    values
        (default, ?, ?, ?)
Hibernate: 
    insert 
    into
        member
        (member_id, date_of_birth, email, firebase_token, nickname, policy_terms_id, sign_up_date) 
    values
        (default, ?, ?, ?, ?, ?, ?)
Hibernate: 
    insert 
    into
        post
        (post_id, img_name, content, for_me, location, member_id, post_time, switch_pic) 
    values
        (default, ?, ?, ?, ?, ?, ?, ?)
Hibernate: 
    insert 
    into
        policy_terms
        (policy_terms_id, policy_1, policy_2, policy_3) 
    values
        (default, ?, ?, ?)
Hibernate: 
    insert 
    into
        member
        (member_id, date_of_birth, email, firebase_token, nickname, policy_terms_id, sign_up_date) 
    values
        (default, ?, ?, ?, ?, ?, ?)
Hibernate: 
    insert 
    into
[...]
        member
        (member_id, date_of_birth, email, firebase_token, nickname, policy_terms_id, sign_up_date) 
    values
        (default, ?, ?, ?, ?, ?, ?)
Hibernate: 
    insert 
    into
        post
        (post_id, img_name, content, for_me, location, member_id, post_time, switch_pic) 
    values
        (default, ?, ?, ?, ?, ?, ?, ?)
Hibernate: 
    insert 
    into
        policy_terms
        (policy_terms_id, policy_1, policy_2, policy_3) 
    values
        (default, ?, ?, ?)
Hibernate: 
    insert 
    into
        member
        (member_id, date_of_birth, email, firebase_token, nickname, policy_terms_id, sign_up_date) 
    values
        (default, ?, ?, ?, ?, ?, ?)
Hibernate: 
    insert 
    into
        post
        (post_id, img_name, content, for_me, location, member_id, post_time, switch_pic) 
    values
        (default, ?, ?, ?, ?, ?, ?, ?)
Hibernate: 
    insert 
    into
        policy_terms
        (policy_terms_id, policy_1, policy_2, policy_3) 
    values
        (default, ?, ?, ?)
Hibernate: 
    insert 
    into
        member
        (member_id, date_of_birth, email, firebase_token, nickname, policy_terms_id, sign_up_date) 
    values
        (default, ?, ?, ?, ?, ?, ?)
Hibernate: 
    insert 
    into
        post
        (post_id, img_name, content, for_me, location, member_id, post_time, switch_pic) 
    values
        (default, ?, ?, ?, ?, ?, ?, ?)
Hibernate: 
    insert 
    into
        policy_terms
        (policy_terms_id, policy_1, policy_2, policy_3) 
    values
        (default, ?, ?, ?)
Hibernate: 
    insert 
    into
        member
        (member_id, date_of_birth, email, firebase_token, nickname, policy_terms_id, sign_up_date) 
    values
        (default, ?, ?, ?, ?, ?, ?)
Hibernate: 
    insert 
    into
        post
        (post_id, img_name, content, for_me, location, member_id, post_time, switch_pic) 
    values
        (default, ?, ?, ?, ?, ?, ?, ?)
Hibernate: 
    insert 
    into
        policy_terms
        (policy_terms_id, policy_1, policy_2, policy_3) 
    values
        (default, ?, ?, ?)
Hibernate: 
    insert 
    into
        member
        (member_id, date_of_birth, email, firebase_token, nickname, policy_terms_id, sign_up_date) 
    values
        (default, ?, ?, ?, ?, ?, ?)
Hibernate: 
    insert 
    into
        post
        (post_id, img_name, content, for_me, location, member_id, post_time, switch_pic) 
    values
        (default, ?, ?, ?, ?, ?, ?, ?)
Hibernate: 
    insert 
    into
        policy_terms
        (policy_terms_id, policy_1, policy_2, policy_3) 
    values
        (default, ?, ?, ?)
Hibernate: 
    insert 
    into
        member
        (member_id, date_of_birth, email, firebase_token, nickname, policy_terms_id, sign_up_date) 
    values
        (default, ?, ?, ?, ?, ?, ?)
Hibernate: 
    insert 
    into
        post
        (post_id, img_name, content, for_me, location, member_id, post_time, switch_pic) 
    values
        (default, ?, ?, ?, ?, ?, ?, ?)
Hibernate: 
    insert 
    into
        policy_terms
        (policy_terms_id, policy_1, policy_2, policy_3) 
    values
        (default, ?, ?, ?)
Hibernate: 
    insert 
    into
        member
        (member_id, date_of_birth, email, firebase_token, nickname, policy_terms_id, sign_up_date) 
    values
        (default, ?, ?, ?, ?, ?, ?)
Hibernate: 
    insert 
    into
        post
        (post_id, img_name, content, for_me, location, member_id, post_time, switch_pic) 
    values
        (default, ?, ?, ?, ?, ?, ?, ?)
Hibernate: 
    insert 
    into
        policy_terms
        (policy_terms_id, policy_1, policy_2, policy_3) 
    values
        (default, ?, ?, ?)
Hibernate: 
    insert 
    into
        member
        (member_id, date_of_birth, email, firebase_token, nickname, policy_terms_id, sign_up_date) 
    values
        (default, ?, ?, ?, ?, ?, ?)
Hibernate: 
    insert 
    into
        post
        (post_id, img_name, content, for_me, location, member_id, post_time, switch_pic) 
    values
        (default, ?, ?, ?, ?, ?, ?, ?)
Hibernate: 
    insert 
    into
        policy_terms
        (policy_terms_id, policy_1, policy_2, policy_3) 
    values
        (default, ?, ?, ?)
Hibernate: 
    insert 
    into
        member
        (member_id, date_of_birth, email, firebase_token, nickname, policy_terms_id, sign_up_date) 
    values
        (default, ?, ?, ?, ?, ?, ?)
Hibernate: 
    insert 
    into
        post
        (post_id, img_name, content, for_me, location, member_id, post_time, switch_pic) 
    values
        (default, ?, ?, ?, ?, ?, ?, ?)
Hibernate: 
    insert 
    into
        policy_terms
        (policy_terms_id, policy_1, policy_2, policy_3) 
    values
        (default, ?, ?, ?)
Hibernate: 
    insert 
    into
        member
        (member_id, date_of_birth, email, firebase_token, nickname, policy_terms_id, sign_up_date) 
    values
        (default, ?, ?, ?, ?, ?, ?)
Hibernate: 
    insert 
    into
        post
        (post_id, img_name, content, for_me, location, member_id, post_time, switch_pic) 
    values
        (default, ?, ?, ?, ?, ?, ?, ?)
Hibernate: 
    insert 
    into
        policy_terms
        (policy_terms_id, policy_1, policy_2, policy_3) 
    values
        (default, ?, ?, ?)
Hibernate: 
    insert 
    into
        member
        (member_id, date_of_birth, email, firebase_token, nickname, policy_terms_id, sign_up_date) 
    values
        (default, ?, ?, ?, ?, ?, ?)
Hibernate: 
    insert 
    into
        post
        (post_id, img_name, content, for_me, location, member_id, post_time, switch_pic) 
    values
        (default, ?, ?, ?, ?, ?, ?, ?)
Hibernate: 
    insert 
    into
        policy_terms
        (policy_terms_id, policy_1, policy_2, policy_3) 
    values
        (default, ?, ?, ?)
Hibernate: 
    insert 
    into
        member
        (member_id, date_of_birth, email, firebase_token, nickname, policy_terms_id, sign_up_date) 
    values
        (default, ?, ?, ?, ?, ?, ?)
Hibernate: 
    insert 
    into
        post
        (post_id, img_name, content, for_me, location, member_id, post_time, switch_pic) 
    values
        (default, ?, ?, ?, ?, ?, ?, ?)
Hibernate: 
    insert 
    into
        policy_terms
        (policy_terms_id, policy_1, policy_2, policy_3) 
    values
        (default, ?, ?, ?)
Hibernate: 
    insert 
    into
        member
        (member_id, date_of_birth, email, firebase_token, nickname, policy_terms_id, sign_up_date) 
    values
        (default, ?, ?, ?, ?, ?, ?)
Hibernate: 
    insert 
    into
        post
        (post_id, img_name, content, for_me, location, member_id, post_time, switch_pic) 
    values
        (default, ?, ?, ?, ?, ?, ?, ?)
Hibernate: 
    insert 
    into
        policy_terms
        (policy_terms_id, policy_1, policy_2, policy_3) 
    values
        (default, ?, ?, ?)
Hibernate: 
    insert 
    into
        member
        (member_id, date_of_birth, email, firebase_token, nickname, policy_terms_id, sign_up_date) 
    values
        (default, ?, ?, ?, ?, ?, ?)
Hibernate: 
    insert 
    into
        post
        (post_id, img_name, content, for_me, location, member_id, post_time, switch_pic) 
    values
        (default, ?, ?, ?, ?, ?, ?, ?)
Hibernate: 
    insert 
    into
        policy_terms
        (policy_terms_id, policy_1, policy_2, policy_3) 
    values
        (default, ?, ?, ?)
Hibernate: 
    insert 
    into
        member
        (member_id, date_of_birth, email, firebase_token, nickname, policy_terms_id, sign_up_date) 
    values
        (default, ?, ?, ?, ?, ?, ?)
Hibernate: 
    insert 
    into
        post
        (post_id, img_name, content, for_me, location, member_id, post_time, switch_pic) 
    values
        (default, ?, ?, ?, ?, ?, ?, ?)
Hibernate: 
    insert 
    into
        policy_terms
        (policy_terms_id, policy_1, policy_2, policy_3) 
    values
        (default, ?, ?, ?)
Hibernate: 
    insert 
    into
        member
        (member_id, date_of_birth, email, firebase_token, nickname, policy_terms_id, sign_up_date) 
    values
        (default, ?, ?, ?, ?, ?, ?)
Hibernate: 
    insert 
    into
        post
        (post_id, img_name, content, for_me, location, member_id, post_time, switch_pic) 
    values
        (default, ?, ?, ?, ?, ?, ?, ?)
Hibernate: 
    insert 
    into
        policy_terms
        (policy_terms_id, policy_1, policy_2, policy_3) 
    values
        (default, ?, ?, ?)
Hibernate: 
    insert 
    into
        member
        (member_id, date_of_birth, email, firebase_token, nickname, policy_terms_id, sign_up_date) 
    values
        (default, ?, ?, ?, ?, ?, ?)
Hibernate: 
    insert 
    into
        post
        (post_id, img_name, content, for_me, location, member_id, post_time, switch_pic) 
    values
        (default, ?, ?, ?, ?, ?, ?, ?)
Hibernate: 
    insert 
    into
        policy_terms
        (policy_terms_id, policy_1, policy_2, policy_3) 
    values
        (default, ?, ?, ?)
Hibernate: 
    insert 
    into
        member
        (member_id, date_of_birth, email, firebase_token, nickname, policy_terms_id, sign_up_date) 
    values
        (default, ?, ?, ?, ?, ?, ?)
Hibernate: 
    insert 
    into
        post
        (post_id, img_name, content, for_me, location, member_id, post_time, switch_pic) 
    values
        (default, ?, ?, ?, ?, ?, ?, ?)
Hibernate: 
    insert 
    into
        policy_terms
        (policy_terms_id, policy_1, policy_2, policy_3) 
    values
        (default, ?, ?, ?)
Hibernate: 
    insert 
    into
        member
        (member_id, date_of_birth, email, firebase_token, nickname, policy_terms_id, sign_up_date) 
    values
        (default, ?, ?, ?, ?, ?, ?)
Hibernate: 
    insert 
    into
        post
        (post_id, img_name, content, for_me, location, member_id, post_time, switch_pic) 
    values
        (default, ?, ?, ?, ?, ?, ?, ?)
Hibernate: 
    insert 
    into
        policy_terms
        (policy_terms_id, policy_1, policy_2, policy_3) 
    values
        (default, ?, ?, ?)
Hibernate: 
    insert 
    into
        member
        (member_id, date_of_birth, email, firebase_token, nickname, policy_terms_id, sign_up_date) 
    values
        (default, ?, ?, ?, ?, ?, ?)
Hibernate: 
    insert 
    into
        post
        (post_id, img_name, content, for_me, location, member_id, post_time, switch_pic) 
    values
        (default, ?, ?, ?, ?, ?, ?, ?)
Hibernate: 
    insert 
    into
        policy_terms
        (policy_terms_id, policy_1, policy_2, policy_3) 
    values
        (default, ?, ?, ?)
Hibernate: 
    insert 
    into
        member
        (member_id, date_of_birth, email, firebase_token, nickname, policy_terms_id, sign_up_date) 
    values
        (default, ?, ?, ?, ?, ?, ?)
Hibernate: 
    insert 
    into
        post
        (post_id, img_name, content, for_me, location, member_id, post_time, switch_pic) 
    values
        (default, ?, ?, ?, ?, ?, ?, ?)
Hibernate: 
    insert 
    into
        policy_terms
        (policy_terms_id, policy_1, policy_2, policy_3) 
    values
        (default, ?, ?, ?)
Hibernate: 
    insert 
    into
        member
        (member_id, date_of_birth, email, firebase_token, nickname, policy_terms_id, sign_up_date) 
    values
        (default, ?, ?, ?, ?, ?, ?)
Hibernate: 
    insert 
    into
        post
        (post_id, img_name, content, for_me, location, member_id, post_time, switch_pic) 
    values
        (default, ?, ?, ?, ?, ?, ?, ?)
Hibernate: 
    insert 
    into
        policy_terms
        (policy_terms_id, policy_1, policy_2, policy_3) 
    values
        (default, ?, ?, ?)
Hibernate: 
    insert 
    into
        member
        (member_id, date_of_birth, email, firebase_token, nickname, policy_terms_id, sign_up_date) 
    values
        (default, ?, ?, ?, ?, ?, ?)
Hibernate: 
    insert 
    into
        post
        (post_id, img_name, content, for_me, location, member_id, post_time, switch_pic) 
    values
        (default, ?, ?, ?, ?, ?, ?, ?)
Hibernate: 
    insert 
    into
        policy_terms
        (policy_terms_id, policy_1, policy_2, policy_3) 
    values
        (default, ?, ?, ?)
Hibernate: 
    insert 
    into
        member
        (member_id, date_of_birth, email, firebase_token, nickname, policy_terms_id, sign_up_date) 
    values
        (default, ?, ?, ?, ?, ?, ?)
Hibernate: 
    insert 
    into
        post
        (post_id, img_name, content, for_me, location, member_id, post_time, switch_pic) 
    values
        (default, ?, ?, ?, ?, ?, ?, ?)
Hibernate: 
    insert 
    into
        policy_terms
        (policy_terms_id, policy_1, policy_2, policy_3) 
    values
        (default, ?, ?, ?)
Hibernate: 
    insert 
    into
        member
        (member_id, date_of_birth, email, firebase_token, nickname, policy_terms_id, sign_up_date) 
    values
        (default, ?, ?, ?, ?, ?, ?)
Hibernate: 
    insert 
    into
        post
        (post_id, img_name, content, for_me, location, member_id, post_time, switch_pic) 
    values
        (default, ?, ?, ?, ?, ?, ?, ?)
Hibernate: 
    insert 
    into
        policy_terms
        (policy_terms_id, policy_1, policy_2, policy_3) 
    values
        (default, ?, ?, ?)
Hibernate: 
    insert 
    into
        member
        (member_id, date_of_birth, email, firebase_token, nickname, policy_terms_id, sign_up_date) 
    values
        (default, ?, ?, ?, ?, ?, ?)
Hibernate: 
    insert 
    into
        post
        (post_id, img_name, content, for_me, location, member_id, post_time, switch_pic) 
    values
        (default, ?, ?, ?, ?, ?, ?, ?)
Hibernate: 
    insert 
    into
        policy_terms
        (policy_terms_id, policy_1, policy_2, policy_3) 
    values
        (default, ?, ?, ?)
Hibernate: 
    insert 
    into
        member
        (member_id, date_of_birth, email, firebase_token, nickname, policy_terms_id, sign_up_date) 
    values
        (default, ?, ?, ?, ?, ?, ?)
Hibernate: 
    insert 
    into
        post
        (post_id, img_name, content, for_me, location, member_id, post_time, switch_pic) 
    values
        (default, ?, ?, ?, ?, ?, ?, ?)
Hibernate: 
    insert 
    into
        policy_terms
        (policy_terms_id, policy_1, policy_2, policy_3) 
    values
        (default, ?, ?, ?)
Hibernate: 
    insert 
    into
        member
        (member_id, date_of_birth, email, firebase_token, nickname, policy_terms_id, sign_up_date) 
    values
        (default, ?, ?, ?, ?, ?, ?)
Hibernate: 
    insert 
    into
        post
        (post_id, img_name, content, for_me, location, member_id, post_time, switch_pic) 
    values
        (default, ?, ?, ?, ?, ?, ?, ?)
Hibernate: 
    insert 
    into
        policy_terms
        (policy_terms_id, policy_1, policy_2, policy_3) 
    values
        (default, ?, ?, ?)
Hibernate: 
    insert 
    into
        member
        (member_id, date_of_birth, email, firebase_token, nickname, policy_terms_id, sign_up_date) 
    values
        (default, ?, ?, ?, ?, ?, ?)
Hibernate: 
    insert 
    into
        post
        (post_id, img_name, content, for_me, location, member_id, post_time, switch_pic) 
    values
        (default, ?, ?, ?, ?, ?, ?, ?)
Hibernate: 
    insert 
    into
        policy_terms
        (policy_terms_id, policy_1, policy_2, policy_3) 
    values
        (default, ?, ?, ?)
Hibernate: 
    insert 
    into
        member
        (member_id, date_of_birth, email, firebase_token, nickname, policy_terms_id, sign_up_date) 
    values
        (default, ?, ?, ?, ?, ?, ?)
Hibernate: 
    insert 
    into
        post
        (post_id, img_name, content, for_me, location, member_id, post_time, switch_pic) 
    values
        (default, ?, ?, ?, ?, ?, ?, ?)
Hibernate: 
    insert 
    into
        policy_terms
        (policy_terms_id, policy_1, policy_2, policy_3) 
    values
        (default, ?, ?, ?)
Hibernate: 
    insert 
    into
        member
        (member_id, date_of_birth, email, firebase_token, nickname, policy_terms_id, sign_up_date) 
    values
        (default, ?, ?, ?, ?, ?, ?)
Hibernate: 
    insert 
    into
        post
        (post_id, img_name, content, for_me, location, member_id, post_time, switch_pic) 
    values
        (default, ?, ?, ?, ?, ?, ?, ?)
Hibernate: 
    insert 
    into
        policy_terms
        (policy_terms_id, policy_1, policy_2, policy_3) 
    values
        (default, ?, ?, ?)
Hibernate: 
    insert 
    into
        member
        (member_id, date_of_birth, email, firebase_token, nickname, policy_terms_id, sign_up_date) 
    values
        (default, ?, ?, ?, ?, ?, ?)
Hibernate: 
    insert 
    into
        post
        (post_id, img_name, content, for_me, location, member_id, post_time, switch_pic) 
    values
        (default, ?, ?, ?, ?, ?, ?, ?)
Hibernate: 
    insert 
    into
        policy_terms
        (policy_terms_id, policy_1, policy_2, policy_3) 
    values
        (default, ?, ?, ?)
Hibernate: 
    insert 
    into
        member
        (member_id, date_of_birth, email, firebase_token, nickname, policy_terms_id, sign_up_date) 
    values
        (default, ?, ?, ?, ?, ?, ?)
Hibernate: 
    insert 
    into
        post
        (post_id, img_name, content, for_me, location, member_id, post_time, switch_pic) 
    values
        (default, ?, ?, ?, ?, ?, ?, ?)
Hibernate: 
    insert 
    into
        policy_terms
        (policy_terms_id, policy_1, policy_2, policy_3) 
    values
        (default, ?, ?, ?)
Hibernate: 
    insert 
    into
        member
        (member_id, date_of_birth, email, firebase_token, nickname, policy_terms_id, sign_up_date) 
    values
        (default, ?, ?, ?, ?, ?, ?)
Hibernate: 
    insert 
    into
        post
        (post_id, img_name, content, for_me, location, member_id, post_time, switch_pic) 
    values
        (default, ?, ?, ?, ?, ?, ?, ?)
2023-02-13 23:15:11.963  WARN 34746 --- [    Test worker] .s.s.UserDetailsServiceAutoConfiguration : 

Using generated security password: cf6c933f-a443-4196-a22d-a007663ec5d5

This generated password is for development use only. Your security configuration must be updated before running your application in production.

2023-02-13 23:15:12.156  WARN 34746 --- [    Test worker] JpaBaseConfiguration$JpaWebConfiguration : spring.jpa.open-in-view is enabled by default. Therefore, database queries may be performed during view rendering. Explicitly configure spring.jpa.open-in-view to disable this warning
2023-02-13 23:15:12.916  INFO 34746 --- [    Test worker] o.s.s.web.DefaultSecurityFilterChain     : Will secure any request with [org.springframework.security.web.session.DisableEncodeUrlFilter@300cdf3f, org.springframework.security.web.context.request.async.WebAsyncManagerIntegrationFilter@2b75b77d, org.springframework.security.web.context.SecurityContextPersistenceFilter@6c40ae2d, org.springframework.security.web.header.HeaderWriterFilter@81cba04, org.springframework.security.web.authentication.logout.LogoutFilter@66c70e18, org.springframework.security.web.savedrequest.RequestCacheAwareFilter@61b06782, org.springframework.security.web.servletapi.SecurityContextHolderAwareRequestFilter@8e89c5f, org.springframework.security.web.authentication.AnonymousAuthenticationFilter@4552f89f, org.springframework.security.web.session.SessionManagementFilter@78b906d, org.springframework.security.web.access.ExceptionTranslationFilter@2bfe9344, org.springframework.security.web.access.intercept.FilterSecurityInterceptor@272600e1]
2023-02-13 23:15:13.513  WARN 34746 --- [    Test worker] ion$DefaultTemplateResolverConfiguration : Cannot find template location: classpath:/templates/ (please add some templates, check your Thymeleaf configuration, or set spring.thymeleaf.check-template-location=false)
2023-02-13 23:15:13.939  INFO 34746 --- [    Test worker] c.d.d.service.CommentServiceImplTest     : Started CommentServiceImplTest in 11.816 seconds (JVM running for 13.932)
]]></system-out>
  <system-err><![CDATA[]]></system-err>
</testsuite>
